<?xml version="1.0" encoding="UTF-8"?>
<coverage generated="1758071408067" clover="3.2.0">
  <project timestamp="1758071408067" name="All files">
    <metrics statements="634" coveredstatements="396" conditionals="653" coveredconditionals="356" methods="69" coveredmethods="36" elements="1356" coveredelements="788" complexity="0" loc="634" ncloc="634" packages="1" files="7" classes="7"/>
    <file name="filterValidation.js" path="/Users/ahsayakir/git/nba-custom-reports/backend/src/utils/filterValidation.js">
      <metrics statements="85" coveredstatements="12" conditionals="78" coveredconditionals="0" methods="14" coveredmethods="2"/>
      <line num="5" count="1" type="stmt"/>
      <line num="7" count="1" type="stmt"/>
      <line num="8" count="0" type="stmt"/>
      <line num="10" count="0" type="cond" truecount="0" falsecount="2"/>
      <line num="11" count="0" type="stmt"/>
      <line num="12" count="0" type="stmt"/>
      <line num="15" count="0" type="stmt"/>
      <line num="16" count="0" type="cond" truecount="0" falsecount="2"/>
      <line num="17" count="0" type="stmt"/>
      <line num="20" count="0" type="cond" truecount="0" falsecount="2"/>
      <line num="21" count="0" type="stmt"/>
      <line num="24" count="0" type="cond" truecount="0" falsecount="5"/>
      <line num="25" count="0" type="stmt"/>
      <line num="28" count="0" type="cond" truecount="0" falsecount="5"/>
      <line num="29" count="0" type="stmt"/>
      <line num="32" count="0" type="cond" truecount="0" falsecount="4"/>
      <line num="33" count="0" type="stmt"/>
      <line num="37" count="0" type="stmt"/>
      <line num="38" count="0" type="cond" truecount="0" falsecount="4"/>
      <line num="39" count="0" type="stmt"/>
      <line num="43" count="0" type="stmt"/>
      <line num="47" count="1" type="stmt"/>
      <line num="48" count="0" type="stmt"/>
      <line num="51" count="0" type="cond" truecount="0" falsecount="4"/>
      <line num="52" count="0" type="stmt"/>
      <line num="56" count="0" type="cond" truecount="0" falsecount="2"/>
      <line num="57" count="0" type="stmt"/>
      <line num="58" count="0" type="stmt"/>
      <line num="60" count="0" type="stmt"/>
      <line num="64" count="0" type="cond" truecount="0" falsecount="2"/>
      <line num="65" count="0" type="stmt"/>
      <line num="66" count="0" type="cond" truecount="0" falsecount="2"/>
      <line num="67" count="0" type="stmt"/>
      <line num="71" count="0" type="cond" truecount="0" falsecount="2"/>
      <line num="72" count="0" type="cond" truecount="0" falsecount="2"/>
      <line num="73" count="0" type="stmt"/>
      <line num="75" count="0" type="cond" truecount="0" falsecount="4"/>
      <line num="76" count="0" type="stmt"/>
      <line num="78" count="0" type="cond" truecount="0" falsecount="4"/>
      <line num="79" count="0" type="stmt"/>
      <line num="84" count="0" type="stmt"/>
      <line num="87" count="1" type="stmt"/>
      <line num="88" count="23" type="stmt"/>
      <line num="95" count="23" type="stmt"/>
      <line num="98" count="1" type="stmt"/>
      <line num="99" count="0" type="stmt"/>
      <line num="105" count="0" type="stmt"/>
      <line num="112" count="0" type="stmt"/>
      <line num="117" count="0" type="stmt"/>
      <line num="123" count="0" type="cond" truecount="0" falsecount="2"/>
      <line num="124" count="0" type="stmt"/>
      <line num="130" count="0" type="stmt"/>
      <line num="138" count="1" type="stmt"/>
      <line num="139" count="0" type="stmt"/>
      <line num="142" count="0" type="stmt"/>
      <line num="145" count="1" type="stmt"/>
      <line num="146" count="0" type="stmt"/>
      <line num="149" count="1" type="stmt"/>
      <line num="150" count="0" type="cond" truecount="0" falsecount="6"/>
      <line num="154" count="0" type="stmt"/>
      <line num="156" count="0" type="stmt"/>
      <line num="158" count="0" type="stmt"/>
      <line num="160" count="0" type="stmt"/>
      <line num="165" count="1" type="stmt"/>
      <line num="166" count="0" type="stmt"/>
      <line num="167" count="0" type="stmt"/>
      <line num="169" count="0" type="cond" truecount="0" falsecount="4"/>
      <line num="170" count="0" type="stmt"/>
      <line num="174" count="0" type="stmt"/>
      <line num="175" count="0" type="stmt"/>
      <line num="178" count="0" type="cond" truecount="0" falsecount="2"/>
      <line num="179" count="0" type="cond" truecount="0" falsecount="2"/>
      <line num="180" count="0" type="stmt"/>
      <line num="185" count="0" type="cond" truecount="0" falsecount="4"/>
      <line num="186" count="0" type="cond" truecount="0" falsecount="2"/>
      <line num="187" count="0" type="stmt"/>
      <line num="190" count="0" type="stmt"/>
      <line num="191" count="0" type="cond" truecount="0" falsecount="2"/>
      <line num="192" count="0" type="stmt"/>
      <line num="197" count="0" type="cond" truecount="0" falsecount="4"/>
      <line num="198" count="0" type="stmt"/>
      <line num="201" count="0" type="cond" truecount="0" falsecount="4"/>
      <line num="202" count="0" type="stmt"/>
      <line num="205" count="0" type="stmt"/>
      <line num="212" count="1" type="stmt"/>
    </file>
    <file name="metadata.js" path="/Users/ahsayakir/git/nba-custom-reports/backend/src/utils/metadata.js">
      <metrics statements="56" coveredstatements="18" conditionals="58" coveredconditionals="11" methods="11" coveredmethods="2"/>
      <line num="7" count="1" type="stmt"/>
      <line num="303" count="1" type="stmt"/>
      <line num="564" count="1" type="cond" truecount="0" falsecount="2"/>
      <line num="565" count="0" type="stmt"/>
      <line num="566" count="0" type="stmt"/>
      <line num="568" count="0" type="stmt"/>
      <line num="569" count="0" type="stmt"/>
      <line num="570" count="0" type="cond" truecount="0" falsecount="2"/>
      <line num="571" count="0" type="cond" truecount="0" falsecount="4"/>
      <line num="572" count="0" type="stmt"/>
      <line num="574" count="0" type="cond" truecount="0" falsecount="2"/>
      <line num="575" count="0" type="stmt"/>
      <line num="580" count="0" type="cond" truecount="0" falsecount="2"/>
      <line num="581" count="0" type="stmt"/>
      <line num="584" count="0" type="cond" truecount="0" falsecount="2"/>
      <line num="587" count="1" type="cond" truecount="0" falsecount="2"/>
      <line num="588" count="0" type="stmt"/>
      <line num="589" count="0" type="stmt"/>
      <line num="591" count="0" type="stmt"/>
      <line num="592" count="0" type="stmt"/>
      <line num="593" count="0" type="cond" truecount="0" falsecount="2"/>
      <line num="594" count="0" type="cond" truecount="0" falsecount="4"/>
      <line num="595" count="0" type="stmt"/>
      <line num="597" count="0" type="cond" truecount="0" falsecount="2"/>
      <line num="598" count="0" type="stmt"/>
      <line num="603" count="0" type="cond" truecount="0" falsecount="2"/>
      <line num="604" count="0" type="stmt"/>
      <line num="607" count="0" type="cond" truecount="0" falsecount="2"/>
      <line num="610" count="1" type="cond" truecount="0" falsecount="1"/>
      <line num="611" count="0" type="cond" truecount="0" falsecount="2"/>
      <line num="612" count="0" type="cond" truecount="0" falsecount="2"/>
      <line num="615" count="1" type="cond" truecount="0" falsecount="2"/>
      <line num="616" count="25" type="cond" truecount="2" falsecount="0"/>
      <line num="617" count="25" type="stmt"/>
      <line num="619" count="25" type="stmt"/>
      <line num="620" count="1010" type="stmt"/>
      <line num="621" count="1010" type="cond" truecount="5" falsecount="0"/>
      <line num="626" count="1010" type="cond" truecount="4" falsecount="0"/>
      <line num="627" count="699" type="stmt"/>
      <line num="631" count="25" type="stmt"/>
      <line num="635" count="1" type="stmt"/>
      <line num="636" count="0" type="stmt"/>
      <line num="637" count="0" type="stmt"/>
      <line num="639" count="0" type="cond" truecount="0" falsecount="4"/>
      <line num="643" count="1" type="stmt"/>
      <line num="644" count="0" type="stmt"/>
      <line num="645" count="0" type="stmt"/>
      <line num="647" count="0" type="cond" truecount="0" falsecount="4"/>
      <line num="651" count="1" type="stmt"/>
      <line num="652" count="0" type="cond" truecount="0" falsecount="2"/>
      <line num="653" count="0" type="stmt"/>
      <line num="655" count="0" type="stmt"/>
      <line num="656" count="0" type="cond" truecount="0" falsecount="2"/>
      <line num="657" count="0" type="stmt"/>
      <line num="661" count="0" type="stmt"/>
      <line num="665" count="1" type="stmt"/>
    </file>
    <file name="organizerBuilder.js" path="/Users/ahsayakir/git/nba-custom-reports/backend/src/utils/organizerBuilder.js">
      <metrics statements="108" coveredstatements="100" conditionals="203" coveredconditionals="179" methods="3" coveredmethods="3"/>
      <line num="6" count="2" type="stmt"/>
      <line num="7" count="43" type="cond" truecount="4" falsecount="0"/>
      <line num="9" count="20" type="stmt"/>
      <line num="22" count="23" type="stmt"/>
      <line num="24" count="23" type="cond" truecount="6" falsecount="0"/>
      <line num="27" count="6" type="cond" truecount="4" falsecount="0"/>
      <line num="28" count="1" type="stmt"/>
      <line num="31" count="5" type="stmt"/>
      <line num="54" count="4" type="cond" truecount="7" falsecount="0"/>
      <line num="55" count="2" type="stmt"/>
      <line num="58" count="2" type="stmt"/>
      <line num="78" count="6" type="cond" truecount="4" falsecount="0"/>
      <line num="79" count="1" type="stmt"/>
      <line num="82" count="5" type="cond" truecount="2" falsecount="0"/>
      <line num="86" count="5" type="stmt"/>
      <line num="100" count="2" type="cond" truecount="5" falsecount="1"/>
      <line num="101" count="0" type="stmt"/>
      <line num="107" count="2" type="cond" truecount="1" falsecount="2"/>
      <line num="109" count="2" type="stmt"/>
      <line num="110" count="2" type="cond" truecount="1" falsecount="1"/>
      <line num="111" count="2" type="stmt"/>
      <line num="113" count="0" type="stmt"/>
      <line num="114" count="0" type="cond" truecount="0" falsecount="2"/>
      <line num="115" count="0" type="stmt"/>
      <line num="117" count="0" type="stmt"/>
      <line num="118" count="0" type="cond" truecount="0" falsecount="2"/>
      <line num="119" count="0" type="stmt"/>
      <line num="122" count="2" type="stmt"/>
      <line num="144" count="4" type="cond" truecount="3" falsecount="1"/>
      <line num="145" count="0" type="stmt"/>
      <line num="149" count="4" type="stmt"/>
      <line num="150" count="4" type="stmt"/>
      <line num="152" count="4" type="cond" truecount="4" falsecount="0"/>
      <line num="153" count="1" type="stmt"/>
      <line num="156" count="3" type="cond" truecount="2" falsecount="0"/>
      <line num="157" count="1" type="stmt"/>
      <line num="160" count="2" type="stmt"/>
      <line num="175" count="1" type="stmt"/>
      <line num="179" count="2" type="stmt"/>
      <line num="180" count="65" type="stmt"/>
      <line num="182" count="65" type="cond" truecount="2" falsecount="0"/>
      <line num="183" count="2" type="stmt"/>
      <line num="184" count="2" type="stmt"/>
      <line num="187" count="63" type="cond" truecount="2" falsecount="0"/>
      <line num="188" count="1" type="stmt"/>
      <line num="189" count="1" type="stmt"/>
      <line num="192" count="62" type="stmt"/>
      <line num="193" count="62" type="cond" truecount="2" falsecount="0"/>
      <line num="194" count="2" type="stmt"/>
      <line num="195" count="2" type="stmt"/>
      <line num="198" count="60" type="cond" truecount="6" falsecount="0"/>
      <line num="201" count="15" type="stmt"/>
      <line num="204" count="10" type="cond" truecount="5" falsecount="0"/>
      <line num="205" count="4" type="stmt"/>
      <line num="207" count="10" type="cond" truecount="2" falsecount="0"/>
      <line num="208" count="1" type="stmt"/>
      <line num="210" count="10" type="stmt"/>
      <line num="213" count="10" type="cond" truecount="5" falsecount="0"/>
      <line num="214" count="3" type="stmt"/>
      <line num="216" count="10" type="cond" truecount="5" falsecount="0"/>
      <line num="217" count="2" type="stmt"/>
      <line num="219" count="10" type="cond" truecount="5" falsecount="0"/>
      <line num="220" count="1" type="stmt"/>
      <line num="222" count="10" type="cond" truecount="4" falsecount="0"/>
      <line num="223" count="2" type="stmt"/>
      <line num="225" count="10" type="stmt"/>
      <line num="228" count="6" type="cond" truecount="4" falsecount="0"/>
      <line num="229" count="2" type="stmt"/>
      <line num="231" count="6" type="stmt"/>
      <line num="234" count="12" type="cond" truecount="4" falsecount="0"/>
      <line num="235" count="2" type="stmt"/>
      <line num="237" count="12" type="cond" truecount="5" falsecount="0"/>
      <line num="238" count="3" type="stmt"/>
      <line num="241" count="12" type="cond" truecount="4" falsecount="0"/>
      <line num="242" count="1" type="stmt"/>
      <line num="244" count="12" type="cond" truecount="4" falsecount="0"/>
      <line num="245" count="1" type="stmt"/>
      <line num="247" count="12" type="cond" truecount="4" falsecount="0"/>
      <line num="248" count="1" type="stmt"/>
      <line num="250" count="12" type="stmt"/>
      <line num="253" count="7" type="cond" truecount="2" falsecount="0"/>
      <line num="254" count="1" type="stmt"/>
      <line num="256" count="7" type="cond" truecount="2" falsecount="0"/>
      <line num="257" count="1" type="stmt"/>
      <line num="260" count="7" type="cond" truecount="4" falsecount="0"/>
      <line num="261" count="5" type="stmt"/>
      <line num="262" count="5" type="stmt"/>
      <line num="264" count="5" type="cond" truecount="2" falsecount="0"/>
      <line num="265" count="1" type="stmt"/>
      <line num="267" count="5" type="cond" truecount="2" falsecount="0"/>
      <line num="268" count="1" type="stmt"/>
      <line num="271" count="5" type="cond" truecount="5" falsecount="0"/>
      <line num="272" count="1" type="stmt"/>
      <line num="275" count="7" type="stmt"/>
      <line num="278" count="60" type="stmt"/>
      <line num="281" count="2" type="stmt"/>
      <line num="282" count="66" type="cond" truecount="4" falsecount="0"/>
      <line num="283" count="3" type="stmt"/>
      <line num="286" count="63" type="cond" truecount="7" falsecount="0"/>
      <line num="288" count="31" type="stmt"/>
      <line num="291" count="10" type="stmt"/>
      <line num="294" count="3" type="stmt"/>
      <line num="297" count="7" type="stmt"/>
      <line num="300" count="8" type="cond" truecount="2" falsecount="0"/>
      <line num="303" count="8" type="stmt"/>
      <line num="306" count="3" type="stmt"/>
      <line num="309" count="1" type="stmt"/>
      <line num="313" count="2" type="stmt"/>
    </file>
    <file name="queryBuilder.js" path="/Users/ahsayakir/git/nba-custom-reports/backend/src/utils/queryBuilder.js">
      <metrics statements="142" coveredstatements="137" conditionals="92" coveredconditionals="70" methods="11" coveredmethods="10"/>
      <line num="5" count="1" type="stmt"/>
      <line num="6" count="1" type="stmt"/>
      <line num="7" count="1" type="stmt"/>
      <line num="12" count="1" type="stmt"/>
      <line num="19" count="1" type="stmt"/>
      <line num="23" count="1" type="stmt"/>
      <line num="24" count="1" type="stmt"/>
      <line num="25" count="1" type="stmt"/>
      <line num="26" count="1" type="stmt"/>
      <line num="28" count="0" type="stmt"/>
      <line num="29" count="0" type="stmt"/>
      <line num="30" count="0" type="stmt"/>
      <line num="34" count="1" type="cond" truecount="1" falsecount="0"/>
      <line num="35" count="6" type="stmt"/>
      <line num="36" count="6" type="stmt"/>
      <line num="37" count="6" type="stmt"/>
      <line num="39" count="6" type="stmt"/>
      <line num="40" count="6" type="stmt"/>
      <line num="41" count="3" type="stmt"/>
      <line num="43" count="3" type="stmt"/>
      <line num="45" count="3" type="stmt"/>
      <line num="47" count="3" type="stmt"/>
      <line num="48" count="3" type="stmt"/>
      <line num="52" count="1" type="cond" truecount="0" falsecount="1"/>
      <line num="53" count="19" type="stmt"/>
      <line num="55" count="19" type="cond" truecount="2" falsecount="0"/>
      <line num="56" count="1" type="stmt"/>
      <line num="89" count="18" type="stmt"/>
      <line num="129" count="1" type="cond" truecount="0" falsecount="1"/>
      <line num="130" count="4" type="stmt"/>
      <line num="132" count="4" type="cond" truecount="2" falsecount="0"/>
      <line num="133" count="2" type="stmt"/>
      <line num="160" count="2" type="stmt"/>
      <line num="197" count="1" type="cond" truecount="0" falsecount="1"/>
      <line num="198" count="3" type="stmt"/>
      <line num="201" count="3" type="cond" truecount="1" falsecount="1"/>
      <line num="202" count="3" type="stmt"/>
      <line num="261" count="0" type="stmt"/>
      <line num="316" count="3" type="stmt"/>
      <line num="319" count="1" type="cond" truecount="2" falsecount="0"/>
      <line num="321" count="26" type="cond" truecount="4" falsecount="0"/>
      <line num="322" count="1" type="stmt"/>
      <line num="325" count="25" type="cond" truecount="2" falsecount="0"/>
      <line num="326" count="1" type="stmt"/>
      <line num="330" count="24" type="cond" truecount="2" falsecount="0"/>
      <line num="333" count="24" type="stmt"/>
      <line num="334" count="24" type="cond" truecount="2" falsecount="0"/>
      <line num="335" count="1" type="stmt"/>
      <line num="339" count="23" type="stmt"/>
      <line num="340" count="23" type="stmt"/>
      <line num="342" count="23" type="stmt"/>
      <line num="343" count="23" type="stmt"/>
      <line num="344" count="23" type="stmt"/>
      <line num="347" count="23" type="cond" truecount="4" falsecount="0"/>
      <line num="348" count="2" type="stmt"/>
      <line num="349" count="2" type="stmt"/>
      <line num="353" count="21" type="cond" truecount="2" falsecount="0"/>
      <line num="354" count="21" type="cond" truecount="2" falsecount="0"/>
      <line num="357" count="21" type="cond" truecount="2" falsecount="0"/>
      <line num="363" count="21" type="stmt"/>
      <line num="365" count="21" type="stmt"/>
      <line num="368" count="21" type="cond" truecount="2" falsecount="0"/>
      <line num="370" count="16" type="stmt"/>
      <line num="371" count="16" type="cond" truecount="1" falsecount="1"/>
      <line num="372" count="16" type="stmt"/>
      <line num="373" count="16" type="stmt"/>
      <line num="376" count="16" type="stmt"/>
      <line num="384" count="21" type="stmt"/>
      <line num="385" count="21" type="stmt"/>
      <line num="386" count="21" type="stmt"/>
      <line num="389" count="21" type="cond" truecount="3" falsecount="1"/>
      <line num="390" count="21" type="stmt"/>
      <line num="393" count="21" type="stmt"/>
      <line num="405" count="1" type="cond" truecount="0" falsecount="1"/>
      <line num="407" count="2" type="stmt"/>
      <line num="410" count="2" type="stmt"/>
      <line num="412" count="2" type="stmt"/>
      <line num="415" count="2" type="cond" truecount="1" falsecount="1"/>
      <line num="417" count="2" type="stmt"/>
      <line num="418" count="2" type="cond" truecount="1" falsecount="1"/>
      <line num="419" count="2" type="stmt"/>
      <line num="420" count="2" type="stmt"/>
      <line num="422" count="2" type="stmt"/>
      <line num="430" count="2" type="stmt"/>
      <line num="431" count="2" type="stmt"/>
      <line num="432" count="2" type="stmt"/>
      <line num="435" count="2" type="cond" truecount="3" falsecount="1"/>
      <line num="436" count="2" type="stmt"/>
      <line num="439" count="2" type="stmt"/>
      <line num="449" count="1" type="cond" truecount="1" falsecount="0"/>
      <line num="451" count="3" type="cond" truecount="1" falsecount="1"/>
      <line num="452" count="3" type="stmt"/>
      <line num="455" count="3" type="cond" truecount="4" falsecount="0"/>
      <line num="456" count="1" type="stmt"/>
      <line num="457" count="1" type="stmt"/>
      <line num="459" count="1" type="stmt"/>
      <line num="461" count="1" type="cond" truecount="1" falsecount="1"/>
      <line num="462" count="1" type="stmt"/>
      <line num="463" count="1" type="cond" truecount="1" falsecount="1"/>
      <line num="464" count="1" type="stmt"/>
      <line num="465" count="1" type="stmt"/>
      <line num="467" count="1" type="stmt"/>
      <line num="474" count="1" type="stmt"/>
      <line num="476" count="1" type="stmt"/>
      <line num="480" count="2" type="cond" truecount="2" falsecount="0"/>
      <line num="481" count="2" type="cond" truecount="2" falsecount="0"/>
      <line num="485" count="2" type="stmt"/>
      <line num="487" count="2" type="stmt"/>
      <line num="489" count="2" type="cond" truecount="1" falsecount="1"/>
      <line num="490" count="2" type="stmt"/>
      <line num="491" count="2" type="cond" truecount="1" falsecount="1"/>
      <line num="492" count="2" type="stmt"/>
      <line num="493" count="2" type="stmt"/>
      <line num="495" count="2" type="stmt"/>
      <line num="502" count="2" type="stmt"/>
      <line num="504" count="2" type="stmt"/>
      <line num="507" count="1" type="cond" truecount="2" falsecount="0"/>
      <line num="508" count="4" type="cond" truecount="1" falsecount="1"/>
      <line num="509" count="4" type="stmt"/>
      <line num="510" count="4" type="stmt"/>
      <line num="513" count="1" type="cond" truecount="0" falsecount="1"/>
      <line num="514" count="2" type="stmt"/>
      <line num="516" count="2" type="stmt"/>
      <line num="517" count="2" type="cond" truecount="1" falsecount="1"/>
      <line num="518" count="2" type="stmt"/>
      <line num="520" count="2" type="cond" truecount="1" falsecount="1"/>
      <line num="521" count="0" type="stmt"/>
      <line num="523" count="2" type="stmt"/>
      <line num="526" count="1" type="stmt"/>
      <line num="527" count="1" type="stmt"/>
      <line num="535" count="1" type="stmt"/>
      <line num="536" count="1" type="stmt"/>
      <line num="544" count="1" type="cond" truecount="0" falsecount="1"/>
      <line num="546" count="4" type="stmt"/>
      <line num="547" count="4" type="cond" truecount="1" falsecount="1"/>
      <line num="548" count="4" type="stmt"/>
      <line num="549" count="3" type="stmt"/>
      <line num="550" count="3" type="stmt"/>
      <line num="552" count="3" type="stmt"/>
      <line num="554" count="3" type="stmt"/>
      <line num="570" count="1" type="stmt"/>
      <line num="577" count="1" type="stmt"/>
    </file>
    <file name="sortingUtils.js" path="/Users/ahsayakir/git/nba-custom-reports/backend/src/utils/sortingUtils.js">
      <metrics statements="89" coveredstatements="33" conditionals="95" coveredconditionals="20" methods="13" coveredmethods="5"/>
      <line num="4" count="1" type="stmt"/>
      <line num="6" count="1" type="cond" truecount="1" falsecount="1"/>
      <line num="7" count="23" type="cond" truecount="3" falsecount="1"/>
      <line num="9" count="0" type="cond" truecount="0" falsecount="2"/>
      <line num="11" count="0" type="cond" truecount="0" falsecount="2"/>
      <line num="12" count="0" type="stmt"/>
      <line num="14" count="0" type="stmt"/>
      <line num="19" count="0" type="cond" truecount="0" falsecount="2"/>
      <line num="20" count="0" type="cond" truecount="0" falsecount="2"/>
      <line num="22" count="0" type="cond" truecount="0" falsecount="2"/>
      <line num="26" count="23" type="stmt"/>
      <line num="27" count="23" type="stmt"/>
      <line num="29" count="23" type="cond" truecount="1" falsecount="1"/>
      <line num="30" count="0" type="stmt"/>
      <line num="33" count="0" type="cond" truecount="0" falsecount="2"/>
      <line num="34" count="0" type="cond" truecount="0" falsecount="2"/>
      <line num="35" count="0" type="stmt"/>
      <line num="37" count="0" type="stmt"/>
      <line num="41" count="0" type="cond" truecount="0" falsecount="2"/>
      <line num="42" count="0" type="cond" truecount="0" falsecount="2"/>
      <line num="44" count="0" type="cond" truecount="0" falsecount="2"/>
      <line num="48" count="23" type="cond" truecount="1" falsecount="1"/>
      <line num="49" count="23" type="stmt"/>
      <line num="52" count="1" type="cond" truecount="0" falsecount="2"/>
      <line num="53" count="22" type="cond" truecount="1" falsecount="1"/>
      <line num="55" count="0" type="cond" truecount="0" falsecount="2"/>
      <line num="56" count="0" type="stmt"/>
      <line num="58" count="0" type="stmt"/>
      <line num="63" count="22" type="cond" truecount="2" falsecount="0"/>
      <line num="64" count="19" type="stmt"/>
      <line num="69" count="3" type="stmt"/>
      <line num="76" count="1" type="stmt"/>
      <line num="78" count="0" type="cond" truecount="0" falsecount="4"/>
      <line num="79" count="0" type="stmt"/>
      <line num="83" count="0" type="stmt"/>
      <line num="84" count="0" type="cond" truecount="0" falsecount="2"/>
      <line num="88" count="0" type="cond" truecount="0" falsecount="2"/>
      <line num="89" count="0" type="stmt"/>
      <line num="96" count="0" type="stmt"/>
      <line num="99" count="1" type="cond" truecount="0" falsecount="2"/>
      <line num="100" count="2" type="stmt"/>
      <line num="101" count="2" type="stmt"/>
      <line num="104" count="1" type="stmt"/>
      <line num="105" count="1" type="stmt"/>
      <line num="108" count="1" type="cond" truecount="1" falsecount="1"/>
      <line num="109" count="23" type="cond" truecount="2" falsecount="0"/>
      <line num="110" count="21" type="stmt"/>
      <line num="113" count="2" type="stmt"/>
      <line num="119" count="2" type="cond" truecount="2" falsecount="0"/>
      <line num="120" count="1" type="stmt"/>
      <line num="121" count="1" type="stmt"/>
      <line num="125" count="1" type="cond" truecount="1" falsecount="1"/>
      <line num="126" count="0" type="stmt"/>
      <line num="127" count="0" type="stmt"/>
      <line num="130" count="1" type="stmt"/>
      <line num="133" count="1" type="cond" truecount="0" falsecount="2"/>
      <line num="134" count="0" type="cond" truecount="0" falsecount="4"/>
      <line num="135" count="0" type="stmt"/>
      <line num="138" count="0" type="stmt"/>
      <line num="139" count="0" type="stmt"/>
      <line num="141" count="0" type="stmt"/>
      <line num="142" count="0" type="stmt"/>
      <line num="143" count="0" type="stmt"/>
      <line num="145" count="0" type="cond" truecount="0" falsecount="2"/>
      <line num="146" count="0" type="cond" truecount="0" falsecount="2"/>
      <line num="147" count="0" type="stmt"/>
      <line num="151" count="0" type="cond" truecount="0" falsecount="2"/>
      <line num="152" count="0" type="stmt"/>
      <line num="155" count="0" type="stmt"/>
      <line num="158" count="1" type="cond" truecount="0" falsecount="2"/>
      <line num="159" count="0" type="stmt"/>
      <line num="160" count="0" type="stmt"/>
      <line num="163" count="1" type="cond" truecount="0" falsecount="2"/>
      <line num="164" count="0" type="stmt"/>
      <line num="166" count="0" type="stmt"/>
      <line num="168" count="0" type="stmt"/>
      <line num="169" count="0" type="cond" truecount="0" falsecount="2"/>
      <line num="170" count="0" type="stmt"/>
      <line num="171" count="0" type="cond" truecount="0" falsecount="4"/>
      <line num="172" count="0" type="stmt"/>
      <line num="175" count="0" type="stmt"/>
      <line num="184" count="1" type="cond" truecount="0" falsecount="1"/>
      <line num="186" count="0" type="cond" truecount="0" falsecount="2"/>
      <line num="187" count="0" type="stmt"/>
      <line num="191" count="0" type="cond" truecount="0" falsecount="2"/>
      <line num="195" count="0" type="cond" truecount="0" falsecount="4"/>
      <line num="196" count="0" type="stmt"/>
      <line num="199" count="0" type="stmt"/>
      <line num="202" count="1" type="stmt"/>
    </file>
    <file name="valueConverter.js" path="/Users/ahsayakir/git/nba-custom-reports/backend/src/utils/valueConverter.js">
      <metrics statements="61" coveredstatements="61" conditionals="60" coveredconditionals="60" methods="10" coveredmethods="10"/>
      <line num="13" count="119" type="stmt"/>
      <line num="18" count="119" type="stmt"/>
      <line num="28" count="48" type="cond" truecount="5" falsecount="0"/>
      <line num="29" count="3" type="stmt"/>
      <line num="32" count="45" type="cond" truecount="2" falsecount="0"/>
      <line num="34" count="9" type="stmt"/>
      <line num="38" count="36" type="cond" truecount="2" falsecount="0"/>
      <line num="39" count="29" type="stmt"/>
      <line num="43" count="7" type="stmt"/>
      <line num="53" count="7" type="cond" truecount="2" falsecount="0"/>
      <line num="54" count="3" type="stmt"/>
      <line num="57" count="9" type="stmt"/>
      <line num="67" count="12" type="cond" truecount="4" falsecount="0"/>
      <line num="68" count="2" type="stmt"/>
      <line num="71" count="10" type="cond" truecount="2" falsecount="0"/>
      <line num="73" count="3" type="stmt"/>
      <line num="77" count="7" type="stmt"/>
      <line num="78" count="7" type="cond" truecount="2" falsecount="0"/>
      <line num="79" count="4" type="stmt"/>
      <line num="83" count="3" type="cond" truecount="2" falsecount="0"/>
      <line num="93" count="51" type="cond" truecount="5" falsecount="0"/>
      <line num="94" count="4" type="stmt"/>
      <line num="97" count="47" type="cond" truecount="2" falsecount="0"/>
      <line num="98" count="8" type="stmt"/>
      <line num="99" count="8" type="cond" truecount="2" falsecount="0"/>
      <line num="100" count="1" type="stmt"/>
      <line num="102" count="7" type="cond" truecount="4" falsecount="0"/>
      <line num="103" count="2" type="stmt"/>
      <line num="105" count="5" type="stmt"/>
      <line num="109" count="39" type="cond" truecount="2" falsecount="0"/>
      <line num="110" count="31" type="stmt"/>
      <line num="111" count="31" type="cond" truecount="2" falsecount="0"/>
      <line num="112" count="2" type="stmt"/>
      <line num="114" count="29" type="cond" truecount="2" falsecount="0"/>
      <line num="115" count="2" type="stmt"/>
      <line num="117" count="27" type="stmt"/>
      <line num="121" count="8" type="cond" truecount="4" falsecount="0"/>
      <line num="122" count="1" type="stmt"/>
      <line num="125" count="7" type="stmt"/>
      <line num="135" count="5" type="cond" truecount="4" falsecount="0"/>
      <line num="136" count="3" type="stmt"/>
      <line num="139" count="2" type="stmt"/>
      <line num="141" count="2" type="stmt"/>
      <line num="142" count="7" type="stmt"/>
      <line num="143" count="7" type="cond" truecount="2" falsecount="0"/>
      <line num="144" count="2" type="stmt"/>
      <line num="148" count="2" type="cond" truecount="2" falsecount="0"/>
      <line num="149" count="1" type="stmt"/>
      <line num="156" count="1" type="stmt"/>
      <line num="165" count="8" type="cond" truecount="2" falsecount="0"/>
      <line num="166" count="2" type="stmt"/>
      <line num="170" count="6" type="stmt"/>
      <line num="179" count="4" type="stmt"/>
      <line num="183" count="4" type="cond" truecount="2" falsecount="0"/>
      <line num="184" count="1" type="stmt"/>
      <line num="191" count="3" type="cond" truecount="2" falsecount="0"/>
      <line num="192" count="1" type="stmt"/>
      <line num="201" count="2" type="cond" truecount="2" falsecount="0"/>
      <line num="202" count="1" type="stmt"/>
      <line num="212" count="1" type="stmt"/>
      <line num="221" count="2" type="stmt"/>
    </file>
    <file name="whereClauseBuilder.js" path="/Users/ahsayakir/git/nba-custom-reports/backend/src/utils/whereClauseBuilder.js">
      <metrics statements="93" coveredstatements="35" conditionals="67" coveredconditionals="16" methods="7" coveredmethods="4"/>
      <line num="5" count="1" type="stmt"/>
      <line num="8" count="1" type="stmt"/>
      <line num="10" count="26" type="stmt"/>
      <line num="60" count="26" type="stmt"/>
      <line num="104" count="26" type="cond" truecount="2" falsecount="0"/>
      <line num="105" count="26" type="cond" truecount="1" falsecount="1"/>
      <line num="108" count="1" type="stmt"/>
      <line num="109" count="26" type="stmt"/>
      <line num="110" count="26" type="cond" truecount="1" falsecount="1"/>
      <line num="111" count="0" type="stmt"/>
      <line num="112" count="0" type="stmt"/>
      <line num="116" count="26" type="cond" truecount="2" falsecount="4"/>
      <line num="118" count="25" type="stmt"/>
      <line num="119" count="25" type="stmt"/>
      <line num="125" count="0" type="stmt"/>
      <line num="126" count="0" type="stmt"/>
      <line num="132" count="0" type="stmt"/>
      <line num="133" count="0" type="stmt"/>
      <line num="139" count="0" type="stmt"/>
      <line num="140" count="0" type="stmt"/>
      <line num="141" count="0" type="stmt"/>
      <line num="147" count="0" type="cond" truecount="0" falsecount="4"/>
      <line num="148" count="0" type="stmt"/>
      <line num="150" count="0" type="stmt"/>
      <line num="151" count="0" type="stmt"/>
      <line num="152" count="0" type="stmt"/>
      <line num="158" count="1" type="stmt"/>
      <line num="159" count="1" type="stmt"/>
      <line num="163" count="1" type="cond" truecount="0" falsecount="2"/>
      <line num="164" count="26" type="cond" truecount="4" falsecount="0"/>
      <line num="165" count="4" type="stmt"/>
      <line num="168" count="22" type="stmt"/>
      <line num="169" count="22" type="stmt"/>
      <line num="170" count="22" type="stmt"/>
      <line num="172" count="22" type="stmt"/>
      <line num="173" count="27" type="stmt"/>
      <line num="175" count="27" type="stmt"/>
      <line num="176" count="27" type="cond" truecount="2" falsecount="0"/>
      <line num="177" count="1" type="stmt"/>
      <line num="178" count="1" type="stmt"/>
      <line num="181" count="26" type="stmt"/>
      <line num="182" count="26" type="cond" truecount="2" falsecount="0"/>
      <line num="183" count="25" type="stmt"/>
      <line num="184" count="25" type="stmt"/>
      <line num="185" count="25" type="stmt"/>
      <line num="188" count="0" type="stmt"/>
      <line num="193" count="22" type="cond" truecount="2" falsecount="0"/>
      <line num="195" count="22" type="stmt"/>
      <line num="199" count="1" type="stmt"/>
      <line num="200" count="0" type="stmt"/>
      <line num="202" count="0" type="cond" truecount="0" falsecount="2"/>
      <line num="203" count="0" type="stmt"/>
      <line num="204" count="0" type="stmt"/>
      <line num="207" count="0" type="stmt"/>
      <line num="208" count="0" type="stmt"/>
      <line num="211" count="0" type="cond" truecount="0" falsecount="2"/>
      <line num="212" count="0" type="stmt"/>
      <line num="213" count="0" type="stmt"/>
      <line num="216" count="0" type="cond" truecount="0" falsecount="2"/>
      <line num="217" count="0" type="stmt"/>
      <line num="218" count="0" type="stmt"/>
      <line num="222" count="0" type="stmt"/>
      <line num="223" count="0" type="cond" truecount="0" falsecount="2"/>
      <line num="224" count="0" type="stmt"/>
      <line num="225" count="0" type="stmt"/>
      <line num="229" count="0" type="cond" truecount="0" falsecount="6"/>
      <line num="233" count="0" type="cond" truecount="0" falsecount="4"/>
      <line num="234" count="0" type="stmt"/>
      <line num="236" count="0" type="stmt"/>
      <line num="237" count="0" type="cond" truecount="0" falsecount="2"/>
      <line num="238" count="0" type="stmt"/>
      <line num="241" count="0" type="stmt"/>
      <line num="244" count="0" type="cond" truecount="0" falsecount="4"/>
      <line num="245" count="0" type="stmt"/>
      <line num="247" count="0" type="stmt"/>
      <line num="248" count="0" type="cond" truecount="0" falsecount="2"/>
      <line num="249" count="0" type="stmt"/>
      <line num="253" count="0" type="cond" truecount="0" falsecount="4"/>
      <line num="254" count="0" type="stmt"/>
      <line num="256" count="0" type="stmt"/>
      <line num="257" count="0" type="cond" truecount="0" falsecount="2"/>
      <line num="258" count="0" type="stmt"/>
      <line num="261" count="0" type="stmt"/>
      <line num="264" count="0" type="cond" truecount="0" falsecount="5"/>
      <line num="265" count="0" type="stmt"/>
      <line num="267" count="0" type="stmt"/>
      <line num="268" count="0" type="cond" truecount="0" falsecount="2"/>
      <line num="269" count="0" type="stmt"/>
      <line num="272" count="0" type="stmt"/>
      <line num="275" count="0" type="stmt"/>
      <line num="276" count="0" type="stmt"/>
      <line num="280" count="0" type="stmt"/>
      <line num="283" count="1" type="stmt"/>
    </file>
  </project>
</coverage>
