{"/Users/ahsayakir/git/nba-custom-reports/backend/src/utils/filterValidation.js": {"path":"/Users/ahsayakir/git/nba-custom-reports/backend/src/utils/filterValidation.js","statementMap":{"0":{"start":{"line":5,"column":30},"end":{"line":5,"column":59}},"1":{"start":{"line":7,"column":24},"end":{"line":44,"column":1}},"2":{"start":{"line":8,"column":17},"end":{"line":8,"column":19}},"3":{"start":{"line":10,"column":2},"end":{"line":13,"column":3}},"4":{"start":{"line":11,"column":4},"end":{"line":11,"column":44}},"5":{"start":{"line":12,"column":4},"end":{"line":12,"column":18}},"6":{"start":{"line":15,"column":2},"end":{"line":41,"column":5}},"7":{"start":{"line":16,"column":4},"end":{"line":18,"column":5}},"8":{"start":{"line":17,"column":6},"end":{"line":17,"column":55}},"9":{"start":{"line":20,"column":4},"end":{"line":22,"column":5}},"10":{"start":{"line":21,"column":6},"end":{"line":21,"column":59}},"11":{"start":{"line":24,"column":4},"end":{"line":26,"column":5}},"12":{"start":{"line":25,"column":6},"end":{"line":25,"column":92}},"13":{"start":{"line":28,"column":4},"end":{"line":30,"column":5}},"14":{"start":{"line":29,"column":6},"end":{"line":29,"column":78}},"15":{"start":{"line":32,"column":4},"end":{"line":34,"column":5}},"16":{"start":{"line":33,"column":6},"end":{"line":33,"column":87}},"17":{"start":{"line":37,"column":27},"end":{"line":37,"column":59}},"18":{"start":{"line":38,"column":4},"end":{"line":40,"column":5}},"19":{"start":{"line":39,"column":6},"end":{"line":39,"column":101}},"20":{"start":{"line":43,"column":2},"end":{"line":43,"column":16}},"21":{"start":{"line":47,"column":36},"end":{"line":85,"column":1}},"22":{"start":{"line":48,"column":17},"end":{"line":48,"column":19}},"23":{"start":{"line":51,"column":2},"end":{"line":53,"column":3}},"24":{"start":{"line":52,"column":4},"end":{"line":52,"column":76}},"25":{"start":{"line":56,"column":2},"end":{"line":61,"column":3}},"26":{"start":{"line":57,"column":25},"end":{"line":57,"column":58}},"27":{"start":{"line":58,"column":4},"end":{"line":58,"column":33}},"28":{"start":{"line":60,"column":4},"end":{"line":60,"column":40}},"29":{"start":{"line":64,"column":30},"end":{"line":64,"column":64}},"30":{"start":{"line":65,"column":26},"end":{"line":65,"column":64}},"31":{"start":{"line":66,"column":2},"end":{"line":68,"column":3}},"32":{"start":{"line":67,"column":4},"end":{"line":67,"column":68}},"33":{"start":{"line":67,"column":46},"end":{"line":67,"column":65}},"34":{"start":{"line":71,"column":2},"end":{"line":82,"column":3}},"35":{"start":{"line":72,"column":4},"end":{"line":81,"column":5}},"36":{"start":{"line":73,"column":6},"end":{"line":73,"column":58}},"37":{"start":{"line":75,"column":6},"end":{"line":77,"column":7}},"38":{"start":{"line":76,"column":8},"end":{"line":76,"column":52}},"39":{"start":{"line":78,"column":6},"end":{"line":80,"column":7}},"40":{"start":{"line":79,"column":8},"end":{"line":79,"column":62}},"41":{"start":{"line":84,"column":2},"end":{"line":84,"column":16}},"42":{"start":{"line":87,"column":27},"end":{"line":96,"column":1}},"43":{"start":{"line":88,"column":30},"end":{"line":93,"column":3}},"44":{"start":{"line":95,"column":2},"end":{"line":95,"column":75}},"45":{"start":{"line":95,"column":32},"end":{"line":95,"column":73}},"46":{"start":{"line":98,"column":32},"end":{"line":136,"column":1}},"47":{"start":{"line":99,"column":35},"end":{"line":103,"column":3}},"48":{"start":{"line":105,"column":32},"end":{"line":110,"column":3}},"49":{"start":{"line":112,"column":33},"end":{"line":115,"column":3}},"50":{"start":{"line":117,"column":30},"end":{"line":121,"column":3}},"51":{"start":{"line":123,"column":2},"end":{"line":135,"column":3}},"52":{"start":{"line":124,"column":4},"end":{"line":128,"column":6}},"53":{"start":{"line":130,"column":4},"end":{"line":134,"column":6}},"54":{"start":{"line":138,"column":24},"end":{"line":143,"column":1}},"55":{"start":{"line":139,"column":25},"end":{"line":141,"column":3}},"56":{"start":{"line":142,"column":2},"end":{"line":142,"column":43}},"57":{"start":{"line":145,"column":23},"end":{"line":147,"column":1}},"58":{"start":{"line":146,"column":2},"end":{"line":146,"column":48}},"59":{"start":{"line":149,"column":30},"end":{"line":162,"column":1}},"60":{"start":{"line":150,"column":2},"end":{"line":161,"column":3}},"61":{"start":{"line":154,"column":6},"end":{"line":154,"column":51}},"62":{"start":{"line":156,"column":6},"end":{"line":156,"column":61}},"63":{"start":{"line":158,"column":6},"end":{"line":158,"column":52}},"64":{"start":{"line":160,"column":6},"end":{"line":160,"column":44}},"65":{"start":{"line":165,"column":40},"end":{"line":210,"column":1}},"66":{"start":{"line":166,"column":19},"end":{"line":166,"column":21}},"67":{"start":{"line":167,"column":22},"end":{"line":167,"column":24}},"68":{"start":{"line":169,"column":2},"end":{"line":171,"column":3}},"69":{"start":{"line":170,"column":4},"end":{"line":170,"column":55}},"70":{"start":{"line":174,"column":24},"end":{"line":174,"column":60}},"71":{"start":{"line":174,"column":42},"end":{"line":174,"column":59}},"72":{"start":{"line":175,"column":23},"end":{"line":175,"column":58}},"73":{"start":{"line":175,"column":41},"end":{"line":175,"column":57}},"74":{"start":{"line":178,"column":2},"end":{"line":182,"column":3}},"75":{"start":{"line":179,"column":4},"end":{"line":181,"column":5}},"76":{"start":{"line":180,"column":6},"end":{"line":180,"column":113}},"77":{"start":{"line":185,"column":2},"end":{"line":194,"column":3}},"78":{"start":{"line":186,"column":4},"end":{"line":188,"column":5}},"79":{"start":{"line":187,"column":6},"end":{"line":187,"column":121}},"80":{"start":{"line":190,"column":34},"end":{"line":190,"column":85}},"81":{"start":{"line":190,"column":52},"end":{"line":190,"column":84}},"82":{"start":{"line":191,"column":4},"end":{"line":193,"column":5}},"83":{"start":{"line":192,"column":6},"end":{"line":192,"column":111}},"84":{"start":{"line":197,"column":2},"end":{"line":199,"column":3}},"85":{"start":{"line":198,"column":4},"end":{"line":198,"column":76}},"86":{"start":{"line":201,"column":2},"end":{"line":203,"column":3}},"87":{"start":{"line":202,"column":4},"end":{"line":202,"column":68}},"88":{"start":{"line":205,"column":2},"end":{"line":209,"column":4}},"89":{"start":{"line":212,"column":0},"end":{"line":221,"column":2}}},"fnMap":{"0":{"name":"(anonymous_0)","decl":{"start":{"line":7,"column":24},"end":{"line":7,"column":25}},"loc":{"start":{"line":7,"column":46},"end":{"line":44,"column":1}},"line":7},"1":{"name":"(anonymous_1)","decl":{"start":{"line":15,"column":18},"end":{"line":15,"column":19}},"loc":{"start":{"line":15,"column":37},"end":{"line":41,"column":3}},"line":15},"2":{"name":"(anonymous_2)","decl":{"start":{"line":47,"column":36},"end":{"line":47,"column":37}},"loc":{"start":{"line":47,"column":81},"end":{"line":85,"column":1}},"line":47},"3":{"name":"(anonymous_3)","decl":{"start":{"line":67,"column":39},"end":{"line":67,"column":40}},"loc":{"start":{"line":67,"column":46},"end":{"line":67,"column":65}},"line":67},"4":{"name":"(anonymous_4)","decl":{"start":{"line":87,"column":27},"end":{"line":87,"column":28}},"loc":{"start":{"line":87,"column":40},"end":{"line":96,"column":1}},"line":87},"5":{"name":"(anonymous_5)","decl":{"start":{"line":95,"column":22},"end":{"line":95,"column":23}},"loc":{"start":{"line":95,"column":32},"end":{"line":95,"column":73}},"line":95},"6":{"name":"(anonymous_6)","decl":{"start":{"line":98,"column":32},"end":{"line":98,"column":33}},"loc":{"start":{"line":98,"column":45},"end":{"line":136,"column":1}},"line":98},"7":{"name":"(anonymous_7)","decl":{"start":{"line":138,"column":24},"end":{"line":138,"column":25}},"loc":{"start":{"line":138,"column":38},"end":{"line":143,"column":1}},"line":138},"8":{"name":"(anonymous_8)","decl":{"start":{"line":145,"column":23},"end":{"line":145,"column":24}},"loc":{"start":{"line":145,"column":36},"end":{"line":147,"column":1}},"line":145},"9":{"name":"(anonymous_9)","decl":{"start":{"line":149,"column":30},"end":{"line":149,"column":31}},"loc":{"start":{"line":149,"column":44},"end":{"line":162,"column":1}},"line":149},"10":{"name":"(anonymous_10)","decl":{"start":{"line":165,"column":40},"end":{"line":165,"column":41}},"loc":{"start":{"line":165,"column":64},"end":{"line":210,"column":1}},"line":165},"11":{"name":"(anonymous_11)","decl":{"start":{"line":174,"column":37},"end":{"line":174,"column":38}},"loc":{"start":{"line":174,"column":42},"end":{"line":174,"column":59}},"line":174},"12":{"name":"(anonymous_12)","decl":{"start":{"line":175,"column":36},"end":{"line":175,"column":37}},"loc":{"start":{"line":175,"column":41},"end":{"line":175,"column":57}},"line":175},"13":{"name":"(anonymous_13)","decl":{"start":{"line":190,"column":47},"end":{"line":190,"column":48}},"loc":{"start":{"line":190,"column":52},"end":{"line":190,"column":84}},"line":190}},"branchMap":{"0":{"loc":{"start":{"line":10,"column":2},"end":{"line":13,"column":3}},"type":"if","locations":[{"start":{"line":10,"column":2},"end":{"line":13,"column":3}},{"start":{},"end":{}}],"line":10},"1":{"loc":{"start":{"line":16,"column":4},"end":{"line":18,"column":5}},"type":"if","locations":[{"start":{"line":16,"column":4},"end":{"line":18,"column":5}},{"start":{},"end":{}}],"line":16},"2":{"loc":{"start":{"line":20,"column":4},"end":{"line":22,"column":5}},"type":"if","locations":[{"start":{"line":20,"column":4},"end":{"line":22,"column":5}},{"start":{},"end":{}}],"line":20},"3":{"loc":{"start":{"line":24,"column":4},"end":{"line":26,"column":5}},"type":"if","locations":[{"start":{"line":24,"column":4},"end":{"line":26,"column":5}},{"start":{},"end":{}}],"line":24},"4":{"loc":{"start":{"line":24,"column":8},"end":{"line":24,"column":74}},"type":"binary-expr","locations":[{"start":{"line":24,"column":8},"end":{"line":24,"column":37}},{"start":{"line":24,"column":42},"end":{"line":24,"column":55}},{"start":{"line":24,"column":59},"end":{"line":24,"column":73}}],"line":24},"5":{"loc":{"start":{"line":28,"column":4},"end":{"line":30,"column":5}},"type":"if","locations":[{"start":{"line":28,"column":4},"end":{"line":30,"column":5}},{"start":{},"end":{}}],"line":28},"6":{"loc":{"start":{"line":28,"column":8},"end":{"line":28,"column":82}},"type":"binary-expr","locations":[{"start":{"line":28,"column":8},"end":{"line":28,"column":32}},{"start":{"line":28,"column":37},"end":{"line":28,"column":51}},{"start":{"line":28,"column":55},"end":{"line":28,"column":81}}],"line":28},"7":{"loc":{"start":{"line":32,"column":4},"end":{"line":34,"column":5}},"type":"if","locations":[{"start":{"line":32,"column":4},"end":{"line":34,"column":5}},{"start":{},"end":{}}],"line":32},"8":{"loc":{"start":{"line":32,"column":8},"end":{"line":32,"column":90}},"type":"binary-expr","locations":[{"start":{"line":32,"column":8},"end":{"line":32,"column":73}},{"start":{"line":32,"column":77},"end":{"line":32,"column":90}}],"line":32},"9":{"loc":{"start":{"line":38,"column":4},"end":{"line":40,"column":5}},"type":"if","locations":[{"start":{"line":38,"column":4},"end":{"line":40,"column":5}},{"start":{},"end":{}}],"line":38},"10":{"loc":{"start":{"line":38,"column":8},"end":{"line":38,"column":64}},"type":"binary-expr","locations":[{"start":{"line":38,"column":8},"end":{"line":38,"column":19}},{"start":{"line":38,"column":23},"end":{"line":38,"column":64}}],"line":38},"11":{"loc":{"start":{"line":51,"column":2},"end":{"line":53,"column":3}},"type":"if","locations":[{"start":{"line":51,"column":2},"end":{"line":53,"column":3}},{"start":{},"end":{}}],"line":51},"12":{"loc":{"start":{"line":51,"column":6},"end":{"line":51,"column":57}},"type":"binary-expr","locations":[{"start":{"line":51,"column":6},"end":{"line":51,"column":14}},{"start":{"line":51,"column":18},"end":{"line":51,"column":57}}],"line":51},"13":{"loc":{"start":{"line":56,"column":2},"end":{"line":61,"column":3}},"type":"if","locations":[{"start":{"line":56,"column":2},"end":{"line":61,"column":3}},{"start":{"line":59,"column":9},"end":{"line":61,"column":3}}],"line":56},"14":{"loc":{"start":{"line":64,"column":30},"end":{"line":64,"column":64}},"type":"binary-expr","locations":[{"start":{"line":64,"column":30},"end":{"line":64,"column":39}},{"start":{"line":64,"column":43},"end":{"line":64,"column":64}}],"line":64},"15":{"loc":{"start":{"line":66,"column":2},"end":{"line":68,"column":3}},"type":"if","locations":[{"start":{"line":66,"column":2},"end":{"line":68,"column":3}},{"start":{},"end":{}}],"line":66},"16":{"loc":{"start":{"line":71,"column":2},"end":{"line":82,"column":3}},"type":"if","locations":[{"start":{"line":71,"column":2},"end":{"line":82,"column":3}},{"start":{},"end":{}}],"line":71},"17":{"loc":{"start":{"line":72,"column":4},"end":{"line":81,"column":5}},"type":"if","locations":[{"start":{"line":72,"column":4},"end":{"line":81,"column":5}},{"start":{"line":74,"column":11},"end":{"line":81,"column":5}}],"line":72},"18":{"loc":{"start":{"line":75,"column":6},"end":{"line":77,"column":7}},"type":"if","locations":[{"start":{"line":75,"column":6},"end":{"line":77,"column":7}},{"start":{},"end":{}}],"line":75},"19":{"loc":{"start":{"line":75,"column":10},"end":{"line":75,"column":68}},"type":"binary-expr","locations":[{"start":{"line":75,"column":10},"end":{"line":75,"column":27}},{"start":{"line":75,"column":31},"end":{"line":75,"column":68}}],"line":75},"20":{"loc":{"start":{"line":78,"column":6},"end":{"line":80,"column":7}},"type":"if","locations":[{"start":{"line":78,"column":6},"end":{"line":80,"column":7}},{"start":{},"end":{}}],"line":78},"21":{"loc":{"start":{"line":78,"column":10},"end":{"line":78,"column":95}},"type":"binary-expr","locations":[{"start":{"line":78,"column":10},"end":{"line":78,"column":30}},{"start":{"line":78,"column":34},"end":{"line":78,"column":95}}],"line":78},"22":{"loc":{"start":{"line":123,"column":2},"end":{"line":135,"column":3}},"type":"if","locations":[{"start":{"line":123,"column":2},"end":{"line":135,"column":3}},{"start":{"line":129,"column":9},"end":{"line":135,"column":3}}],"line":123},"23":{"loc":{"start":{"line":150,"column":2},"end":{"line":161,"column":3}},"type":"switch","locations":[{"start":{"line":151,"column":4},"end":{"line":151,"column":24}},{"start":{"line":152,"column":4},"end":{"line":152,"column":21}},{"start":{"line":153,"column":4},"end":{"line":154,"column":51}},{"start":{"line":155,"column":4},"end":{"line":156,"column":61}},{"start":{"line":157,"column":4},"end":{"line":158,"column":52}},{"start":{"line":159,"column":4},"end":{"line":160,"column":44}}],"line":150},"24":{"loc":{"start":{"line":169,"column":2},"end":{"line":171,"column":3}},"type":"if","locations":[{"start":{"line":169,"column":2},"end":{"line":171,"column":3}},{"start":{},"end":{}}],"line":169},"25":{"loc":{"start":{"line":169,"column":6},"end":{"line":169,"column":50}},"type":"binary-expr","locations":[{"start":{"line":169,"column":6},"end":{"line":169,"column":16}},{"start":{"line":169,"column":20},"end":{"line":169,"column":50}}],"line":169},"26":{"loc":{"start":{"line":178,"column":2},"end":{"line":182,"column":3}},"type":"if","locations":[{"start":{"line":178,"column":2},"end":{"line":182,"column":3}},{"start":{},"end":{}}],"line":178},"27":{"loc":{"start":{"line":179,"column":4},"end":{"line":181,"column":5}},"type":"if","locations":[{"start":{"line":179,"column":4},"end":{"line":181,"column":5}},{"start":{},"end":{}}],"line":179},"28":{"loc":{"start":{"line":185,"column":2},"end":{"line":194,"column":3}},"type":"if","locations":[{"start":{"line":185,"column":2},"end":{"line":194,"column":3}},{"start":{},"end":{}}],"line":185},"29":{"loc":{"start":{"line":185,"column":6},"end":{"line":185,"column":72}},"type":"binary-expr","locations":[{"start":{"line":185,"column":6},"end":{"line":185,"column":37}},{"start":{"line":185,"column":41},"end":{"line":185,"column":72}}],"line":185},"30":{"loc":{"start":{"line":186,"column":4},"end":{"line":188,"column":5}},"type":"if","locations":[{"start":{"line":186,"column":4},"end":{"line":188,"column":5}},{"start":{},"end":{}}],"line":186},"31":{"loc":{"start":{"line":191,"column":4},"end":{"line":193,"column":5}},"type":"if","locations":[{"start":{"line":191,"column":4},"end":{"line":193,"column":5}},{"start":{},"end":{}}],"line":191},"32":{"loc":{"start":{"line":197,"column":2},"end":{"line":199,"column":3}},"type":"if","locations":[{"start":{"line":197,"column":2},"end":{"line":199,"column":3}},{"start":{},"end":{}}],"line":197},"33":{"loc":{"start":{"line":197,"column":6},"end":{"line":197,"column":61}},"type":"binary-expr","locations":[{"start":{"line":197,"column":6},"end":{"line":197,"column":37}},{"start":{"line":197,"column":41},"end":{"line":197,"column":61}}],"line":197},"34":{"loc":{"start":{"line":201,"column":2},"end":{"line":203,"column":3}},"type":"if","locations":[{"start":{"line":201,"column":2},"end":{"line":203,"column":3}},{"start":{},"end":{}}],"line":201},"35":{"loc":{"start":{"line":201,"column":6},"end":{"line":201,"column":77}},"type":"binary-expr","locations":[{"start":{"line":201,"column":6},"end":{"line":201,"column":37}},{"start":{"line":201,"column":41},"end":{"line":201,"column":77}}],"line":201}},"s":{"0":1,"1":1,"2":0,"3":0,"4":0,"5":0,"6":0,"7":0,"8":0,"9":0,"10":0,"11":0,"12":0,"13":0,"14":0,"15":0,"16":0,"17":0,"18":0,"19":0,"20":0,"21":1,"22":0,"23":0,"24":0,"25":0,"26":0,"27":0,"28":0,"29":0,"30":0,"31":0,"32":0,"33":0,"34":0,"35":0,"36":0,"37":0,"38":0,"39":0,"40":0,"41":0,"42":1,"43":23,"44":23,"45":23,"46":1,"47":0,"48":0,"49":0,"50":0,"51":0,"52":0,"53":0,"54":1,"55":0,"56":0,"57":1,"58":0,"59":1,"60":0,"61":0,"62":0,"63":0,"64":0,"65":1,"66":0,"67":0,"68":0,"69":0,"70":0,"71":0,"72":0,"73":0,"74":0,"75":0,"76":0,"77":0,"78":0,"79":0,"80":0,"81":0,"82":0,"83":0,"84":0,"85":0,"86":0,"87":0,"88":0,"89":1},"f":{"0":0,"1":0,"2":0,"3":0,"4":23,"5":23,"6":0,"7":0,"8":0,"9":0,"10":0,"11":0,"12":0,"13":0},"b":{"0":[0,0],"1":[0,0],"2":[0,0],"3":[0,0],"4":[0,0,0],"5":[0,0],"6":[0,0,0],"7":[0,0],"8":[0,0],"9":[0,0],"10":[0,0],"11":[0,0],"12":[0,0],"13":[0,0],"14":[0,0],"15":[0,0],"16":[0,0],"17":[0,0],"18":[0,0],"19":[0,0],"20":[0,0],"21":[0,0],"22":[0,0],"23":[0,0,0,0,0,0],"24":[0,0],"25":[0,0],"26":[0,0],"27":[0,0],"28":[0,0],"29":[0,0],"30":[0,0],"31":[0,0],"32":[0,0],"33":[0,0],"34":[0,0],"35":[0,0]},"_coverageSchema":"1a1c01bbd47fc00a2c39e90264f33305004495a9","hash":"f6d4dde7bba784e87b594cf1c2b2165287f317cc"}
,"/Users/ahsayakir/git/nba-custom-reports/backend/src/utils/metadata.js": {"path":"/Users/ahsayakir/git/nba-custom-reports/backend/src/utils/metadata.js","statementMap":{"0":{"start":{"line":7,"column":23},"end":{"line":300,"column":1}},"1":{"start":{"line":303,"column":21},"end":{"line":561,"column":1}},"2":{"start":{"line":564,"column":31},"end":{"line":585,"column":1}},"3":{"start":{"line":565,"column":29},"end":{"line":565,"column":31}},"4":{"start":{"line":566,"column":26},"end":{"line":566,"column":28}},"5":{"start":{"line":568,"column":2},"end":{"line":578,"column":5}},"6":{"start":{"line":569,"column":16},"end":{"line":569,"column":35}},"7":{"start":{"line":570,"column":4},"end":{"line":577,"column":5}},"8":{"start":{"line":571,"column":6},"end":{"line":573,"column":7}},"9":{"start":{"line":572,"column":8},"end":{"line":572,"column":44}},"10":{"start":{"line":574,"column":6},"end":{"line":576,"column":7}},"11":{"start":{"line":575,"column":8},"end":{"line":575,"column":41}},"12":{"start":{"line":580,"column":2},"end":{"line":582,"column":3}},"13":{"start":{"line":581,"column":4},"end":{"line":581,"column":57}},"14":{"start":{"line":584,"column":2},"end":{"line":584,"column":89}},"15":{"start":{"line":587,"column":29},"end":{"line":608,"column":1}},"16":{"start":{"line":588,"column":29},"end":{"line":588,"column":31}},"17":{"start":{"line":589,"column":26},"end":{"line":589,"column":28}},"18":{"start":{"line":591,"column":2},"end":{"line":601,"column":5}},"19":{"start":{"line":592,"column":16},"end":{"line":592,"column":33}},"20":{"start":{"line":593,"column":4},"end":{"line":600,"column":5}},"21":{"start":{"line":594,"column":6},"end":{"line":596,"column":7}},"22":{"start":{"line":595,"column":8},"end":{"line":595,"column":44}},"23":{"start":{"line":597,"column":6},"end":{"line":599,"column":7}},"24":{"start":{"line":598,"column":8},"end":{"line":598,"column":41}},"25":{"start":{"line":603,"column":2},"end":{"line":605,"column":3}},"26":{"start":{"line":604,"column":4},"end":{"line":604,"column":57}},"27":{"start":{"line":607,"column":2},"end":{"line":607,"column":89}},"28":{"start":{"line":610,"column":22},"end":{"line":613,"column":1}},"29":{"start":{"line":611,"column":18},"end":{"line":611,"column":71}},"30":{"start":{"line":612,"column":2},"end":{"line":612,"column":44}},"31":{"start":{"line":615,"column":29},"end":{"line":632,"column":1}},"32":{"start":{"line":616,"column":18},"end":{"line":616,"column":71}},"33":{"start":{"line":617,"column":17},"end":{"line":617,"column":19}},"34":{"start":{"line":619,"column":2},"end":{"line":629,"column":5}},"35":{"start":{"line":620,"column":16},"end":{"line":620,"column":28}},"36":{"start":{"line":621,"column":26},"end":{"line":624,"column":49}},"37":{"start":{"line":626,"column":4},"end":{"line":628,"column":5}},"38":{"start":{"line":627,"column":6},"end":{"line":627,"column":29}},"39":{"start":{"line":631,"column":2},"end":{"line":631,"column":16}},"40":{"start":{"line":635,"column":28},"end":{"line":641,"column":1}},"41":{"start":{"line":636,"column":20},"end":{"line":636,"column":46}},"42":{"start":{"line":637,"column":18},"end":{"line":637,"column":42}},"43":{"start":{"line":639,"column":2},"end":{"line":640,"column":77}},"44":{"start":{"line":643,"column":25},"end":{"line":649,"column":1}},"45":{"start":{"line":644,"column":20},"end":{"line":644,"column":46}},"46":{"start":{"line":645,"column":18},"end":{"line":645,"column":42}},"47":{"start":{"line":647,"column":2},"end":{"line":648,"column":54}},"48":{"start":{"line":651,"column":29},"end":{"line":662,"column":1}},"49":{"start":{"line":652,"column":18},"end":{"line":652,"column":71}},"50":{"start":{"line":653,"column":17},"end":{"line":653,"column":19}},"51":{"start":{"line":655,"column":2},"end":{"line":659,"column":5}},"52":{"start":{"line":656,"column":4},"end":{"line":658,"column":5}},"53":{"start":{"line":657,"column":6},"end":{"line":657,"column":23}},"54":{"start":{"line":661,"column":2},"end":{"line":661,"column":16}},"55":{"start":{"line":665,"column":0},"end":{"line":679,"column":2}}},"fnMap":{"0":{"name":"(anonymous_0)","decl":{"start":{"line":564,"column":31},"end":{"line":564,"column":32}},"loc":{"start":{"line":564,"column":74},"end":{"line":585,"column":1}},"line":564},"1":{"name":"(anonymous_1)","decl":{"start":{"line":568,"column":38},"end":{"line":568,"column":39}},"loc":{"start":{"line":568,"column":45},"end":{"line":578,"column":3}},"line":568},"2":{"name":"(anonymous_2)","decl":{"start":{"line":587,"column":29},"end":{"line":587,"column":30}},"loc":{"start":{"line":587,"column":72},"end":{"line":608,"column":1}},"line":587},"3":{"name":"(anonymous_3)","decl":{"start":{"line":591,"column":36},"end":{"line":591,"column":37}},"loc":{"start":{"line":591,"column":43},"end":{"line":601,"column":3}},"line":591},"4":{"name":"(anonymous_4)","decl":{"start":{"line":610,"column":22},"end":{"line":610,"column":23}},"loc":{"start":{"line":610,"column":78},"end":{"line":613,"column":1}},"line":610},"5":{"name":"(anonymous_5)","decl":{"start":{"line":615,"column":29},"end":{"line":615,"column":30}},"loc":{"start":{"line":615,"column":81},"end":{"line":632,"column":1}},"line":615},"6":{"name":"(anonymous_6)","decl":{"start":{"line":619,"column":31},"end":{"line":619,"column":32}},"loc":{"start":{"line":619,"column":38},"end":{"line":629,"column":3}},"line":619},"7":{"name":"(anonymous_7)","decl":{"start":{"line":635,"column":28},"end":{"line":635,"column":29}},"loc":{"start":{"line":635,"column":44},"end":{"line":641,"column":1}},"line":635},"8":{"name":"(anonymous_8)","decl":{"start":{"line":643,"column":25},"end":{"line":643,"column":26}},"loc":{"start":{"line":643,"column":41},"end":{"line":649,"column":1}},"line":643},"9":{"name":"(anonymous_9)","decl":{"start":{"line":651,"column":29},"end":{"line":651,"column":30}},"loc":{"start":{"line":651,"column":54},"end":{"line":662,"column":1}},"line":651},"10":{"name":"(anonymous_10)","decl":{"start":{"line":655,"column":31},"end":{"line":655,"column":32}},"loc":{"start":{"line":655,"column":38},"end":{"line":659,"column":3}},"line":655}},"branchMap":{"0":{"loc":{"start":{"line":564,"column":32},"end":{"line":564,"column":50}},"type":"default-arg","locations":[{"start":{"line":564,"column":45},"end":{"line":564,"column":50}}],"line":564},"1":{"loc":{"start":{"line":564,"column":52},"end":{"line":564,"column":69}},"type":"default-arg","locations":[{"start":{"line":564,"column":64},"end":{"line":564,"column":69}}],"line":564},"2":{"loc":{"start":{"line":570,"column":4},"end":{"line":577,"column":5}},"type":"if","locations":[{"start":{"line":570,"column":4},"end":{"line":577,"column":5}},{"start":{},"end":{}}],"line":570},"3":{"loc":{"start":{"line":571,"column":6},"end":{"line":573,"column":7}},"type":"if","locations":[{"start":{"line":571,"column":6},"end":{"line":573,"column":7}},{"start":{},"end":{}}],"line":571},"4":{"loc":{"start":{"line":571,"column":10},"end":{"line":571,"column":71}},"type":"binary-expr","locations":[{"start":{"line":571,"column":10},"end":{"line":571,"column":40}},{"start":{"line":571,"column":44},"end":{"line":571,"column":71}}],"line":571},"5":{"loc":{"start":{"line":574,"column":6},"end":{"line":576,"column":7}},"type":"if","locations":[{"start":{"line":574,"column":6},"end":{"line":576,"column":7}},{"start":{},"end":{}}],"line":574},"6":{"loc":{"start":{"line":580,"column":2},"end":{"line":582,"column":3}},"type":"if","locations":[{"start":{"line":580,"column":2},"end":{"line":582,"column":3}},{"start":{},"end":{}}],"line":580},"7":{"loc":{"start":{"line":584,"column":9},"end":{"line":584,"column":88}},"type":"cond-expr","locations":[{"start":{"line":584,"column":22},"end":{"line":584,"column":67}},{"start":{"line":584,"column":70},"end":{"line":584,"column":88}}],"line":584},"8":{"loc":{"start":{"line":587,"column":30},"end":{"line":587,"column":48}},"type":"default-arg","locations":[{"start":{"line":587,"column":43},"end":{"line":587,"column":48}}],"line":587},"9":{"loc":{"start":{"line":587,"column":50},"end":{"line":587,"column":67}},"type":"default-arg","locations":[{"start":{"line":587,"column":62},"end":{"line":587,"column":67}}],"line":587},"10":{"loc":{"start":{"line":593,"column":4},"end":{"line":600,"column":5}},"type":"if","locations":[{"start":{"line":593,"column":4},"end":{"line":600,"column":5}},{"start":{},"end":{}}],"line":593},"11":{"loc":{"start":{"line":594,"column":6},"end":{"line":596,"column":7}},"type":"if","locations":[{"start":{"line":594,"column":6},"end":{"line":596,"column":7}},{"start":{},"end":{}}],"line":594},"12":{"loc":{"start":{"line":594,"column":10},"end":{"line":594,"column":71}},"type":"binary-expr","locations":[{"start":{"line":594,"column":10},"end":{"line":594,"column":40}},{"start":{"line":594,"column":44},"end":{"line":594,"column":71}}],"line":594},"13":{"loc":{"start":{"line":597,"column":6},"end":{"line":599,"column":7}},"type":"if","locations":[{"start":{"line":597,"column":6},"end":{"line":599,"column":7}},{"start":{},"end":{}}],"line":597},"14":{"loc":{"start":{"line":603,"column":2},"end":{"line":605,"column":3}},"type":"if","locations":[{"start":{"line":603,"column":2},"end":{"line":605,"column":3}},{"start":{},"end":{}}],"line":603},"15":{"loc":{"start":{"line":607,"column":9},"end":{"line":607,"column":88}},"type":"cond-expr","locations":[{"start":{"line":607,"column":22},"end":{"line":607,"column":67}},{"start":{"line":607,"column":70},"end":{"line":607,"column":88}}],"line":607},"16":{"loc":{"start":{"line":610,"column":56},"end":{"line":610,"column":73}},"type":"default-arg","locations":[{"start":{"line":610,"column":68},"end":{"line":610,"column":73}}],"line":610},"17":{"loc":{"start":{"line":611,"column":18},"end":{"line":611,"column":71}},"type":"cond-expr","locations":[{"start":{"line":611,"column":42},"end":{"line":611,"column":56}},{"start":{"line":611,"column":59},"end":{"line":611,"column":71}}],"line":611},"18":{"loc":{"start":{"line":612,"column":9},"end":{"line":612,"column":43}},"type":"binary-expr","locations":[{"start":{"line":612,"column":9},"end":{"line":612,"column":35}},{"start":{"line":612,"column":39},"end":{"line":612,"column":43}}],"line":612},"19":{"loc":{"start":{"line":615,"column":39},"end":{"line":615,"column":57}},"type":"default-arg","locations":[{"start":{"line":615,"column":52},"end":{"line":615,"column":57}}],"line":615},"20":{"loc":{"start":{"line":615,"column":59},"end":{"line":615,"column":76}},"type":"default-arg","locations":[{"start":{"line":615,"column":71},"end":{"line":615,"column":76}}],"line":615},"21":{"loc":{"start":{"line":616,"column":18},"end":{"line":616,"column":71}},"type":"cond-expr","locations":[{"start":{"line":616,"column":42},"end":{"line":616,"column":56}},{"start":{"line":616,"column":59},"end":{"line":616,"column":71}}],"line":616},"22":{"loc":{"start":{"line":621,"column":26},"end":{"line":624,"column":49}},"type":"binary-expr","locations":[{"start":{"line":621,"column":26},"end":{"line":621,"column":35}},{"start":{"line":622,"column":7},"end":{"line":622,"column":34}},{"start":{"line":623,"column":7},"end":{"line":623,"column":37}},{"start":{"line":624,"column":7},"end":{"line":624,"column":17}},{"start":{"line":624,"column":21},"end":{"line":624,"column":48}}],"line":621},"23":{"loc":{"start":{"line":626,"column":4},"end":{"line":628,"column":5}},"type":"if","locations":[{"start":{"line":626,"column":4},"end":{"line":628,"column":5}},{"start":{},"end":{}}],"line":626},"24":{"loc":{"start":{"line":626,"column":8},"end":{"line":626,"column":33}},"type":"binary-expr","locations":[{"start":{"line":626,"column":8},"end":{"line":626,"column":21}},{"start":{"line":626,"column":25},"end":{"line":626,"column":33}}],"line":626},"25":{"loc":{"start":{"line":639,"column":9},"end":{"line":640,"column":76}},"type":"binary-expr","locations":[{"start":{"line":639,"column":10},"end":{"line":639,"column":19}},{"start":{"line":639,"column":23},"end":{"line":639,"column":79}},{"start":{"line":640,"column":10},"end":{"line":640,"column":17}},{"start":{"line":640,"column":21},"end":{"line":640,"column":75}}],"line":639},"26":{"loc":{"start":{"line":647,"column":9},"end":{"line":648,"column":53}},"type":"binary-expr","locations":[{"start":{"line":647,"column":10},"end":{"line":647,"column":19}},{"start":{"line":647,"column":23},"end":{"line":647,"column":56}},{"start":{"line":648,"column":10},"end":{"line":648,"column":17}},{"start":{"line":648,"column":21},"end":{"line":648,"column":52}}],"line":647},"27":{"loc":{"start":{"line":652,"column":18},"end":{"line":652,"column":71}},"type":"cond-expr","locations":[{"start":{"line":652,"column":42},"end":{"line":652,"column":56}},{"start":{"line":652,"column":59},"end":{"line":652,"column":71}}],"line":652},"28":{"loc":{"start":{"line":656,"column":4},"end":{"line":658,"column":5}},"type":"if","locations":[{"start":{"line":656,"column":4},"end":{"line":658,"column":5}},{"start":{},"end":{}}],"line":656}},"s":{"0":1,"1":1,"2":1,"3":0,"4":0,"5":0,"6":0,"7":0,"8":0,"9":0,"10":0,"11":0,"12":0,"13":0,"14":0,"15":1,"16":0,"17":0,"18":0,"19":0,"20":0,"21":0,"22":0,"23":0,"24":0,"25":0,"26":0,"27":0,"28":1,"29":0,"30":0,"31":1,"32":25,"33":25,"34":25,"35":1010,"36":1010,"37":1010,"38":699,"39":25,"40":1,"41":0,"42":0,"43":0,"44":1,"45":0,"46":0,"47":0,"48":1,"49":0,"50":0,"51":0,"52":0,"53":0,"54":0,"55":1},"f":{"0":0,"1":0,"2":0,"3":0,"4":0,"5":25,"6":1010,"7":0,"8":0,"9":0,"10":0},"b":{"0":[0],"1":[0],"2":[0,0],"3":[0,0],"4":[0,0],"5":[0,0],"6":[0,0],"7":[0,0],"8":[0],"9":[0],"10":[0,0],"11":[0,0],"12":[0,0],"13":[0,0],"14":[0,0],"15":[0,0],"16":[0],"17":[0,0],"18":[0,0],"19":[0],"20":[0],"21":[22,3],"22":[1010,1010,872,369,58],"23":[699,311],"24":[1010,699],"25":[0,0,0,0],"26":[0,0,0,0],"27":[0,0],"28":[0,0]},"_coverageSchema":"1a1c01bbd47fc00a2c39e90264f33305004495a9","hash":"8e2ddd27a2b522334e93f72a5ebfaf9d0dec545a"}
,"/Users/ahsayakir/git/nba-custom-reports/backend/src/utils/organizerBuilder.js": {"path":"/Users/ahsayakir/git/nba-custom-reports/backend/src/utils/organizerBuilder.js","statementMap":{"0":{"start":{"line":6,"column":31},"end":{"line":177,"column":1}},"1":{"start":{"line":7,"column":2},"end":{"line":20,"column":3}},"2":{"start":{"line":9,"column":4},"end":{"line":19,"column":6}},"3":{"start":{"line":22,"column":72},"end":{"line":22,"column":81}},"4":{"start":{"line":24,"column":2},"end":{"line":176,"column":3}},"5":{"start":{"line":27,"column":6},"end":{"line":29,"column":7}},"6":{"start":{"line":28,"column":8},"end":{"line":28,"column":74}},"7":{"start":{"line":31,"column":6},"end":{"line":50,"column":8}},"8":{"start":{"line":54,"column":6},"end":{"line":56,"column":7}},"9":{"start":{"line":55,"column":8},"end":{"line":55,"column":95}},"10":{"start":{"line":58,"column":6},"end":{"line":75,"column":8}},"11":{"start":{"line":78,"column":6},"end":{"line":80,"column":7}},"12":{"start":{"line":79,"column":8},"end":{"line":79,"column":95}},"13":{"start":{"line":82,"column":32},"end":{"line":84,"column":97}},"14":{"start":{"line":86,"column":6},"end":{"line":96,"column":8}},"15":{"start":{"line":100,"column":6},"end":{"line":102,"column":7}},"16":{"start":{"line":101,"column":8},"end":{"line":101,"column":110}},"17":{"start":{"line":107,"column":6},"end":{"line":120,"column":7}},"18":{"start":{"line":109,"column":10},"end":{"line":109,"column":54}},"19":{"start":{"line":110,"column":10},"end":{"line":110,"column":53}},"20":{"start":{"line":111,"column":10},"end":{"line":111,"column":16}},"21":{"start":{"line":113,"column":10},"end":{"line":113,"column":55}},"22":{"start":{"line":114,"column":10},"end":{"line":114,"column":55}},"23":{"start":{"line":115,"column":10},"end":{"line":115,"column":16}},"24":{"start":{"line":117,"column":10},"end":{"line":117,"column":56}},"25":{"start":{"line":118,"column":10},"end":{"line":118,"column":57}},"26":{"start":{"line":119,"column":10},"end":{"line":119,"column":16}},"27":{"start":{"line":122,"column":6},"end":{"line":140,"column":8}},"28":{"start":{"line":144,"column":6},"end":{"line":146,"column":7}},"29":{"start":{"line":145,"column":8},"end":{"line":145,"column":82}},"30":{"start":{"line":149,"column":26},"end":{"line":149,"column":44}},"31":{"start":{"line":150,"column":24},"end":{"line":150,"column":40}},"32":{"start":{"line":152,"column":6},"end":{"line":154,"column":7}},"33":{"start":{"line":153,"column":8},"end":{"line":153,"column":70}},"34":{"start":{"line":156,"column":6},"end":{"line":158,"column":7}},"35":{"start":{"line":157,"column":8},"end":{"line":157,"column":72}},"36":{"start":{"line":160,"column":6},"end":{"line":172,"column":8}},"37":{"start":{"line":175,"column":6},"end":{"line":175,"column":57}},"38":{"start":{"line":179,"column":26},"end":{"line":279,"column":1}},"39":{"start":{"line":180,"column":17},"end":{"line":180,"column":19}},"40":{"start":{"line":182,"column":2},"end":{"line":185,"column":3}},"41":{"start":{"line":183,"column":4},"end":{"line":183,"column":41}},"42":{"start":{"line":184,"column":4},"end":{"line":184,"column":18}},"43":{"start":{"line":187,"column":2},"end":{"line":190,"column":3}},"44":{"start":{"line":188,"column":4},"end":{"line":188,"column":46}},"45":{"start":{"line":189,"column":4},"end":{"line":189,"column":18}},"46":{"start":{"line":192,"column":21},"end":{"line":192,"column":104}},"47":{"start":{"line":193,"column":2},"end":{"line":196,"column":3}},"48":{"start":{"line":194,"column":4},"end":{"line":194,"column":84}},"49":{"start":{"line":195,"column":4},"end":{"line":195,"column":18}},"50":{"start":{"line":198,"column":2},"end":{"line":276,"column":3}},"51":{"start":{"line":201,"column":6},"end":{"line":201,"column":12}},"52":{"start":{"line":204,"column":6},"end":{"line":206,"column":7}},"53":{"start":{"line":205,"column":8},"end":{"line":205,"column":77}},"54":{"start":{"line":207,"column":6},"end":{"line":209,"column":7}},"55":{"start":{"line":208,"column":8},"end":{"line":208,"column":83}},"56":{"start":{"line":210,"column":6},"end":{"line":210,"column":12}},"57":{"start":{"line":213,"column":6},"end":{"line":215,"column":7}},"58":{"start":{"line":214,"column":8},"end":{"line":214,"column":77}},"59":{"start":{"line":216,"column":6},"end":{"line":218,"column":7}},"60":{"start":{"line":217,"column":8},"end":{"line":217,"column":75}},"61":{"start":{"line":219,"column":6},"end":{"line":221,"column":7}},"62":{"start":{"line":220,"column":8},"end":{"line":220,"column":88}},"63":{"start":{"line":222,"column":6},"end":{"line":224,"column":7}},"64":{"start":{"line":223,"column":8},"end":{"line":223,"column":84}},"65":{"start":{"line":225,"column":6},"end":{"line":225,"column":12}},"66":{"start":{"line":228,"column":6},"end":{"line":230,"column":7}},"67":{"start":{"line":229,"column":8},"end":{"line":229,"column":91}},"68":{"start":{"line":231,"column":6},"end":{"line":231,"column":12}},"69":{"start":{"line":234,"column":6},"end":{"line":236,"column":7}},"70":{"start":{"line":235,"column":8},"end":{"line":235,"column":96}},"71":{"start":{"line":237,"column":6},"end":{"line":239,"column":7}},"72":{"start":{"line":238,"column":8},"end":{"line":238,"column":78}},"73":{"start":{"line":241,"column":6},"end":{"line":243,"column":7}},"74":{"start":{"line":242,"column":8},"end":{"line":242,"column":51}},"75":{"start":{"line":244,"column":6},"end":{"line":246,"column":7}},"76":{"start":{"line":245,"column":8},"end":{"line":245,"column":51}},"77":{"start":{"line":247,"column":6},"end":{"line":249,"column":7}},"78":{"start":{"line":248,"column":8},"end":{"line":248,"column":52}},"79":{"start":{"line":250,"column":6},"end":{"line":250,"column":12}},"80":{"start":{"line":253,"column":6},"end":{"line":255,"column":7}},"81":{"start":{"line":254,"column":8},"end":{"line":254,"column":62}},"82":{"start":{"line":256,"column":6},"end":{"line":258,"column":7}},"83":{"start":{"line":257,"column":8},"end":{"line":257,"column":60}},"84":{"start":{"line":260,"column":6},"end":{"line":274,"column":7}},"85":{"start":{"line":261,"column":25},"end":{"line":261,"column":53}},"86":{"start":{"line":262,"column":23},"end":{"line":262,"column":49}},"87":{"start":{"line":264,"column":8},"end":{"line":266,"column":9}},"88":{"start":{"line":265,"column":10},"end":{"line":265,"column":65}},"89":{"start":{"line":267,"column":8},"end":{"line":269,"column":9}},"90":{"start":{"line":268,"column":10},"end":{"line":268,"column":63}},"91":{"start":{"line":271,"column":8},"end":{"line":273,"column":9}},"92":{"start":{"line":272,"column":10},"end":{"line":272,"column":70}},"93":{"start":{"line":275,"column":6},"end":{"line":275,"column":12}},"94":{"start":{"line":278,"column":2},"end":{"line":278,"column":16}},"95":{"start":{"line":281,"column":32},"end":{"line":311,"column":1}},"96":{"start":{"line":282,"column":2},"end":{"line":284,"column":3}},"97":{"start":{"line":283,"column":4},"end":{"line":283,"column":33}},"98":{"start":{"line":286,"column":2},"end":{"line":310,"column":3}},"99":{"start":{"line":288,"column":6},"end":{"line":288,"column":25}},"100":{"start":{"line":291,"column":6},"end":{"line":291,"column":63}},"101":{"start":{"line":294,"column":6},"end":{"line":294,"column":58}},"102":{"start":{"line":297,"column":6},"end":{"line":297,"column":97}},"103":{"start":{"line":300,"column":26},"end":{"line":302,"column":26}},"104":{"start":{"line":303,"column":6},"end":{"line":303,"column":101}},"105":{"start":{"line":306,"column":6},"end":{"line":306,"column":60}},"106":{"start":{"line":309,"column":6},"end":{"line":309,"column":33}},"107":{"start":{"line":313,"column":0},"end":{"line":317,"column":2}}},"fnMap":{"0":{"name":"(anonymous_0)","decl":{"start":{"line":6,"column":31},"end":{"line":6,"column":32}},"loc":{"start":{"line":6,"column":55},"end":{"line":177,"column":1}},"line":6},"1":{"name":"(anonymous_1)","decl":{"start":{"line":179,"column":26},"end":{"line":179,"column":27}},"loc":{"start":{"line":179,"column":41},"end":{"line":279,"column":1}},"line":179},"2":{"name":"(anonymous_2)","decl":{"start":{"line":281,"column":32},"end":{"line":281,"column":33}},"loc":{"start":{"line":281,"column":47},"end":{"line":311,"column":1}},"line":281}},"branchMap":{"0":{"loc":{"start":{"line":7,"column":2},"end":{"line":20,"column":3}},"type":"if","locations":[{"start":{"line":7,"column":2},"end":{"line":20,"column":3}},{"start":{},"end":{}}],"line":7},"1":{"loc":{"start":{"line":7,"column":6},"end":{"line":7,"column":50}},"type":"binary-expr","locations":[{"start":{"line":7,"column":6},"end":{"line":7,"column":16}},{"start":{"line":7,"column":20},"end":{"line":7,"column":50}}],"line":7},"2":{"loc":{"start":{"line":12,"column":12},"end":{"line":12,"column":67}},"type":"cond-expr","locations":[{"start":{"line":12,"column":36},"end":{"line":12,"column":51}},{"start":{"line":12,"column":54},"end":{"line":12,"column":67}}],"line":12},"3":{"loc":{"start":{"line":13,"column":12},"end":{"line":13,"column":65}},"type":"cond-expr","locations":[{"start":{"line":13,"column":36},"end":{"line":13,"column":49}},{"start":{"line":13,"column":52},"end":{"line":13,"column":65}}],"line":13},"4":{"loc":{"start":{"line":14,"column":15},"end":{"line":14,"column":86}},"type":"cond-expr","locations":[{"start":{"line":14,"column":39},"end":{"line":14,"column":62}},{"start":{"line":14,"column":65},"end":{"line":14,"column":86}}],"line":14},"5":{"loc":{"start":{"line":15,"column":26},"end":{"line":15,"column":63}},"type":"cond-expr","locations":[{"start":{"line":15,"column":50},"end":{"line":15,"column":55}},{"start":{"line":15,"column":58},"end":{"line":15,"column":63}}],"line":15},"6":{"loc":{"start":{"line":24,"column":2},"end":{"line":176,"column":3}},"type":"switch","locations":[{"start":{"line":25,"column":4},"end":{"line":50,"column":8}},{"start":{"line":52,"column":4},"end":{"line":75,"column":8}},{"start":{"line":77,"column":4},"end":{"line":96,"column":8}},{"start":{"line":98,"column":4},"end":{"line":140,"column":8}},{"start":{"line":142,"column":4},"end":{"line":172,"column":8}},{"start":{"line":174,"column":4},"end":{"line":175,"column":57}}],"line":24},"7":{"loc":{"start":{"line":27,"column":6},"end":{"line":29,"column":7}},"type":"if","locations":[{"start":{"line":27,"column":6},"end":{"line":29,"column":7}},{"start":{},"end":{}}],"line":27},"8":{"loc":{"start":{"line":27,"column":10},"end":{"line":27,"column":30}},"type":"binary-expr","locations":[{"start":{"line":27,"column":10},"end":{"line":27,"column":16}},{"start":{"line":27,"column":20},"end":{"line":27,"column":30}}],"line":27},"9":{"loc":{"start":{"line":35,"column":16},"end":{"line":35,"column":71}},"type":"cond-expr","locations":[{"start":{"line":35,"column":40},"end":{"line":35,"column":55}},{"start":{"line":35,"column":58},"end":{"line":35,"column":71}}],"line":35},"10":{"loc":{"start":{"line":36,"column":16},"end":{"line":36,"column":69}},"type":"cond-expr","locations":[{"start":{"line":36,"column":40},"end":{"line":36,"column":53}},{"start":{"line":36,"column":56},"end":{"line":36,"column":69}}],"line":36},"11":{"loc":{"start":{"line":38,"column":31},"end":{"line":38,"column":86}},"type":"cond-expr","locations":[{"start":{"line":38,"column":55},"end":{"line":38,"column":70}},{"start":{"line":38,"column":73},"end":{"line":38,"column":86}}],"line":38},"12":{"loc":{"start":{"line":41,"column":19},"end":{"line":41,"column":90}},"type":"cond-expr","locations":[{"start":{"line":41,"column":43},"end":{"line":41,"column":66}},{"start":{"line":41,"column":69},"end":{"line":41,"column":90}}],"line":41},"13":{"loc":{"start":{"line":42,"column":30},"end":{"line":42,"column":67}},"type":"cond-expr","locations":[{"start":{"line":42,"column":54},"end":{"line":42,"column":59}},{"start":{"line":42,"column":62},"end":{"line":42,"column":67}}],"line":42},"14":{"loc":{"start":{"line":54,"column":6},"end":{"line":56,"column":7}},"type":"if","locations":[{"start":{"line":54,"column":6},"end":{"line":56,"column":7}},{"start":{},"end":{}}],"line":54},"15":{"loc":{"start":{"line":54,"column":10},"end":{"line":54,"column":59}},"type":"binary-expr","locations":[{"start":{"line":54,"column":10},"end":{"line":54,"column":15}},{"start":{"line":54,"column":19},"end":{"line":54,"column":22}},{"start":{"line":54,"column":26},"end":{"line":54,"column":35}},{"start":{"line":54,"column":39},"end":{"line":54,"column":46}},{"start":{"line":54,"column":50},"end":{"line":54,"column":59}}],"line":54},"16":{"loc":{"start":{"line":61,"column":14},"end":{"line":61,"column":69}},"type":"cond-expr","locations":[{"start":{"line":61,"column":38},"end":{"line":61,"column":53}},{"start":{"line":61,"column":56},"end":{"line":61,"column":69}}],"line":61},"17":{"loc":{"start":{"line":62,"column":14},"end":{"line":62,"column":67}},"type":"cond-expr","locations":[{"start":{"line":62,"column":38},"end":{"line":62,"column":51}},{"start":{"line":62,"column":54},"end":{"line":62,"column":67}}],"line":62},"18":{"loc":{"start":{"line":63,"column":17},"end":{"line":63,"column":88}},"type":"cond-expr","locations":[{"start":{"line":63,"column":41},"end":{"line":63,"column":64}},{"start":{"line":63,"column":67},"end":{"line":63,"column":88}}],"line":63},"19":{"loc":{"start":{"line":64,"column":28},"end":{"line":64,"column":65}},"type":"cond-expr","locations":[{"start":{"line":64,"column":52},"end":{"line":64,"column":57}},{"start":{"line":64,"column":60},"end":{"line":64,"column":65}}],"line":64},"20":{"loc":{"start":{"line":67,"column":17},"end":{"line":67,"column":104}},"type":"cond-expr","locations":[{"start":{"line":67,"column":41},"end":{"line":67,"column":71}},{"start":{"line":67,"column":74},"end":{"line":67,"column":104}}],"line":67},"21":{"loc":{"start":{"line":70,"column":17},"end":{"line":70,"column":104}},"type":"cond-expr","locations":[{"start":{"line":70,"column":41},"end":{"line":70,"column":71}},{"start":{"line":70,"column":74},"end":{"line":70,"column":104}}],"line":70},"22":{"loc":{"start":{"line":78,"column":6},"end":{"line":80,"column":7}},"type":"if","locations":[{"start":{"line":78,"column":6},"end":{"line":80,"column":7}},{"start":{},"end":{}}],"line":78},"23":{"loc":{"start":{"line":78,"column":10},"end":{"line":78,"column":59}},"type":"binary-expr","locations":[{"start":{"line":78,"column":10},"end":{"line":78,"column":19}},{"start":{"line":78,"column":23},"end":{"line":78,"column":59}}],"line":78},"24":{"loc":{"start":{"line":82,"column":32},"end":{"line":84,"column":97}},"type":"cond-expr","locations":[{"start":{"line":83,"column":11},"end":{"line":83,"column":96}},{"start":{"line":84,"column":11},"end":{"line":84,"column":96}}],"line":82},"25":{"loc":{"start":{"line":83,"column":11},"end":{"line":83,"column":96}},"type":"cond-expr","locations":[{"start":{"line":83,"column":33},"end":{"line":83,"column":63}},{"start":{"line":83,"column":66},"end":{"line":83,"column":96}}],"line":83},"26":{"loc":{"start":{"line":84,"column":11},"end":{"line":84,"column":96}},"type":"cond-expr","locations":[{"start":{"line":84,"column":33},"end":{"line":84,"column":63}},{"start":{"line":84,"column":66},"end":{"line":84,"column":96}}],"line":84},"27":{"loc":{"start":{"line":89,"column":14},"end":{"line":89,"column":69}},"type":"cond-expr","locations":[{"start":{"line":89,"column":38},"end":{"line":89,"column":53}},{"start":{"line":89,"column":56},"end":{"line":89,"column":69}}],"line":89},"28":{"loc":{"start":{"line":90,"column":14},"end":{"line":90,"column":67}},"type":"cond-expr","locations":[{"start":{"line":90,"column":38},"end":{"line":90,"column":51}},{"start":{"line":90,"column":54},"end":{"line":90,"column":67}}],"line":90},"29":{"loc":{"start":{"line":91,"column":17},"end":{"line":91,"column":88}},"type":"cond-expr","locations":[{"start":{"line":91,"column":41},"end":{"line":91,"column":64}},{"start":{"line":91,"column":67},"end":{"line":91,"column":88}}],"line":91},"30":{"loc":{"start":{"line":92,"column":28},"end":{"line":92,"column":65}},"type":"cond-expr","locations":[{"start":{"line":92,"column":52},"end":{"line":92,"column":57}},{"start":{"line":92,"column":60},"end":{"line":92,"column":65}}],"line":92},"31":{"loc":{"start":{"line":100,"column":6},"end":{"line":102,"column":7}},"type":"if","locations":[{"start":{"line":100,"column":6},"end":{"line":102,"column":7}},{"start":{},"end":{}}],"line":100},"32":{"loc":{"start":{"line":100,"column":10},"end":{"line":100,"column":90}},"type":"binary-expr","locations":[{"start":{"line":100,"column":10},"end":{"line":100,"column":17}},{"start":{"line":100,"column":21},"end":{"line":100,"column":66}},{"start":{"line":100,"column":70},"end":{"line":100,"column":76}},{"start":{"line":100,"column":80},"end":{"line":100,"column":90}}],"line":100},"33":{"loc":{"start":{"line":107,"column":6},"end":{"line":120,"column":7}},"type":"switch","locations":[{"start":{"line":108,"column":8},"end":{"line":111,"column":16}},{"start":{"line":112,"column":8},"end":{"line":115,"column":16}},{"start":{"line":116,"column":8},"end":{"line":119,"column":16}}],"line":107},"34":{"loc":{"start":{"line":110,"column":24},"end":{"line":110,"column":52}},"type":"cond-expr","locations":[{"start":{"line":110,"column":38},"end":{"line":110,"column":43}},{"start":{"line":110,"column":46},"end":{"line":110,"column":52}}],"line":110},"35":{"loc":{"start":{"line":114,"column":24},"end":{"line":114,"column":54}},"type":"cond-expr","locations":[{"start":{"line":114,"column":38},"end":{"line":114,"column":44}},{"start":{"line":114,"column":47},"end":{"line":114,"column":54}}],"line":114},"36":{"loc":{"start":{"line":118,"column":24},"end":{"line":118,"column":56}},"type":"cond-expr","locations":[{"start":{"line":118,"column":38},"end":{"line":118,"column":45}},{"start":{"line":118,"column":48},"end":{"line":118,"column":56}}],"line":118},"37":{"loc":{"start":{"line":130,"column":14},"end":{"line":130,"column":69}},"type":"cond-expr","locations":[{"start":{"line":130,"column":38},"end":{"line":130,"column":53}},{"start":{"line":130,"column":56},"end":{"line":130,"column":69}}],"line":130},"38":{"loc":{"start":{"line":131,"column":14},"end":{"line":131,"column":67}},"type":"cond-expr","locations":[{"start":{"line":131,"column":38},"end":{"line":131,"column":51}},{"start":{"line":131,"column":54},"end":{"line":131,"column":67}}],"line":131},"39":{"loc":{"start":{"line":132,"column":17},"end":{"line":132,"column":88}},"type":"cond-expr","locations":[{"start":{"line":132,"column":41},"end":{"line":132,"column":64}},{"start":{"line":132,"column":67},"end":{"line":132,"column":88}}],"line":132},"40":{"loc":{"start":{"line":133,"column":28},"end":{"line":133,"column":65}},"type":"cond-expr","locations":[{"start":{"line":133,"column":52},"end":{"line":133,"column":57}},{"start":{"line":133,"column":60},"end":{"line":133,"column":65}}],"line":133},"41":{"loc":{"start":{"line":144,"column":6},"end":{"line":146,"column":7}},"type":"if","locations":[{"start":{"line":144,"column":6},"end":{"line":146,"column":7}},{"start":{},"end":{}}],"line":144},"42":{"loc":{"start":{"line":144,"column":10},"end":{"line":144,"column":30}},"type":"binary-expr","locations":[{"start":{"line":144,"column":10},"end":{"line":144,"column":19}},{"start":{"line":144,"column":23},"end":{"line":144,"column":30}}],"line":144},"43":{"loc":{"start":{"line":152,"column":6},"end":{"line":154,"column":7}},"type":"if","locations":[{"start":{"line":152,"column":6},"end":{"line":154,"column":7}},{"start":{},"end":{}}],"line":152},"44":{"loc":{"start":{"line":152,"column":10},"end":{"line":152,"column":68}},"type":"binary-expr","locations":[{"start":{"line":152,"column":10},"end":{"line":152,"column":38}},{"start":{"line":152,"column":42},"end":{"line":152,"column":68}}],"line":152},"45":{"loc":{"start":{"line":156,"column":6},"end":{"line":158,"column":7}},"type":"if","locations":[{"start":{"line":156,"column":6},"end":{"line":158,"column":7}},{"start":{},"end":{}}],"line":156},"46":{"loc":{"start":{"line":163,"column":14},"end":{"line":163,"column":69}},"type":"cond-expr","locations":[{"start":{"line":163,"column":38},"end":{"line":163,"column":53}},{"start":{"line":163,"column":56},"end":{"line":163,"column":69}}],"line":163},"47":{"loc":{"start":{"line":164,"column":14},"end":{"line":164,"column":67}},"type":"cond-expr","locations":[{"start":{"line":164,"column":38},"end":{"line":164,"column":51}},{"start":{"line":164,"column":54},"end":{"line":164,"column":67}}],"line":164},"48":{"loc":{"start":{"line":165,"column":17},"end":{"line":165,"column":88}},"type":"cond-expr","locations":[{"start":{"line":165,"column":41},"end":{"line":165,"column":64}},{"start":{"line":165,"column":67},"end":{"line":165,"column":88}}],"line":165},"49":{"loc":{"start":{"line":166,"column":28},"end":{"line":166,"column":65}},"type":"cond-expr","locations":[{"start":{"line":166,"column":52},"end":{"line":166,"column":57}},{"start":{"line":166,"column":60},"end":{"line":166,"column":65}}],"line":166},"50":{"loc":{"start":{"line":182,"column":2},"end":{"line":185,"column":3}},"type":"if","locations":[{"start":{"line":182,"column":2},"end":{"line":185,"column":3}},{"start":{},"end":{}}],"line":182},"51":{"loc":{"start":{"line":187,"column":2},"end":{"line":190,"column":3}},"type":"if","locations":[{"start":{"line":187,"column":2},"end":{"line":190,"column":3}},{"start":{},"end":{}}],"line":187},"52":{"loc":{"start":{"line":193,"column":2},"end":{"line":196,"column":3}},"type":"if","locations":[{"start":{"line":193,"column":2},"end":{"line":196,"column":3}},{"start":{},"end":{}}],"line":193},"53":{"loc":{"start":{"line":198,"column":2},"end":{"line":276,"column":3}},"type":"switch","locations":[{"start":{"line":199,"column":4},"end":{"line":201,"column":12}},{"start":{"line":203,"column":4},"end":{"line":210,"column":12}},{"start":{"line":212,"column":4},"end":{"line":225,"column":12}},{"start":{"line":227,"column":4},"end":{"line":231,"column":12}},{"start":{"line":233,"column":4},"end":{"line":250,"column":12}},{"start":{"line":252,"column":4},"end":{"line":275,"column":12}}],"line":198},"54":{"loc":{"start":{"line":204,"column":6},"end":{"line":206,"column":7}},"type":"if","locations":[{"start":{"line":204,"column":6},"end":{"line":206,"column":7}},{"start":{},"end":{}}],"line":204},"55":{"loc":{"start":{"line":204,"column":10},"end":{"line":204,"column":89}},"type":"binary-expr","locations":[{"start":{"line":204,"column":10},"end":{"line":204,"column":26}},{"start":{"line":204,"column":30},"end":{"line":204,"column":65}},{"start":{"line":204,"column":69},"end":{"line":204,"column":89}}],"line":204},"56":{"loc":{"start":{"line":207,"column":6},"end":{"line":209,"column":7}},"type":"if","locations":[{"start":{"line":207,"column":6},"end":{"line":209,"column":7}},{"start":{},"end":{}}],"line":207},"57":{"loc":{"start":{"line":213,"column":6},"end":{"line":215,"column":7}},"type":"if","locations":[{"start":{"line":213,"column":6},"end":{"line":215,"column":7}},{"start":{},"end":{}}],"line":213},"58":{"loc":{"start":{"line":213,"column":10},"end":{"line":213,"column":86}},"type":"binary-expr","locations":[{"start":{"line":213,"column":10},"end":{"line":213,"column":25}},{"start":{"line":213,"column":29},"end":{"line":213,"column":63}},{"start":{"line":213,"column":67},"end":{"line":213,"column":86}}],"line":213},"59":{"loc":{"start":{"line":216,"column":6},"end":{"line":218,"column":7}},"type":"if","locations":[{"start":{"line":216,"column":6},"end":{"line":218,"column":7}},{"start":{},"end":{}}],"line":216},"60":{"loc":{"start":{"line":216,"column":10},"end":{"line":216,"column":80}},"type":"binary-expr","locations":[{"start":{"line":216,"column":10},"end":{"line":216,"column":23}},{"start":{"line":216,"column":27},"end":{"line":216,"column":59}},{"start":{"line":216,"column":63},"end":{"line":216,"column":80}}],"line":216},"61":{"loc":{"start":{"line":219,"column":6},"end":{"line":221,"column":7}},"type":"if","locations":[{"start":{"line":219,"column":6},"end":{"line":221,"column":7}},{"start":{},"end":{}}],"line":219},"62":{"loc":{"start":{"line":219,"column":10},"end":{"line":219,"column":73}},"type":"binary-expr","locations":[{"start":{"line":219,"column":10},"end":{"line":219,"column":24}},{"start":{"line":219,"column":28},"end":{"line":219,"column":40}},{"start":{"line":219,"column":44},"end":{"line":219,"column":73}}],"line":219},"63":{"loc":{"start":{"line":222,"column":6},"end":{"line":224,"column":7}},"type":"if","locations":[{"start":{"line":222,"column":6},"end":{"line":224,"column":7}},{"start":{},"end":{}}],"line":222},"64":{"loc":{"start":{"line":222,"column":10},"end":{"line":222,"column":50}},"type":"binary-expr","locations":[{"start":{"line":222,"column":10},"end":{"line":222,"column":29}},{"start":{"line":222,"column":33},"end":{"line":222,"column":50}}],"line":222},"65":{"loc":{"start":{"line":228,"column":6},"end":{"line":230,"column":7}},"type":"if","locations":[{"start":{"line":228,"column":6},"end":{"line":230,"column":7}},{"start":{},"end":{}}],"line":228},"66":{"loc":{"start":{"line":228,"column":10},"end":{"line":228,"column":79}},"type":"binary-expr","locations":[{"start":{"line":228,"column":10},"end":{"line":228,"column":29}},{"start":{"line":228,"column":33},"end":{"line":228,"column":79}}],"line":228},"67":{"loc":{"start":{"line":234,"column":6},"end":{"line":236,"column":7}},"type":"if","locations":[{"start":{"line":234,"column":6},"end":{"line":236,"column":7}},{"start":{},"end":{}}],"line":234},"68":{"loc":{"start":{"line":234,"column":10},"end":{"line":234,"column":86}},"type":"binary-expr","locations":[{"start":{"line":234,"column":10},"end":{"line":234,"column":27}},{"start":{"line":234,"column":31},"end":{"line":234,"column":86}}],"line":234},"69":{"loc":{"start":{"line":237,"column":6},"end":{"line":239,"column":7}},"type":"if","locations":[{"start":{"line":237,"column":6},"end":{"line":239,"column":7}},{"start":{},"end":{}}],"line":237},"70":{"loc":{"start":{"line":237,"column":10},"end":{"line":237,"column":89}},"type":"binary-expr","locations":[{"start":{"line":237,"column":10},"end":{"line":237,"column":26}},{"start":{"line":237,"column":30},"end":{"line":237,"column":65}},{"start":{"line":237,"column":69},"end":{"line":237,"column":89}}],"line":237},"71":{"loc":{"start":{"line":241,"column":6},"end":{"line":243,"column":7}},"type":"if","locations":[{"start":{"line":241,"column":6},"end":{"line":243,"column":7}},{"start":{},"end":{}}],"line":241},"72":{"loc":{"start":{"line":241,"column":10},"end":{"line":241,"column":62}},"type":"binary-expr","locations":[{"start":{"line":241,"column":10},"end":{"line":241,"column":37}},{"start":{"line":241,"column":41},"end":{"line":241,"column":62}}],"line":241},"73":{"loc":{"start":{"line":244,"column":6},"end":{"line":246,"column":7}},"type":"if","locations":[{"start":{"line":244,"column":6},"end":{"line":246,"column":7}},{"start":{},"end":{}}],"line":244},"74":{"loc":{"start":{"line":244,"column":10},"end":{"line":244,"column":62}},"type":"binary-expr","locations":[{"start":{"line":244,"column":10},"end":{"line":244,"column":38}},{"start":{"line":244,"column":42},"end":{"line":244,"column":62}}],"line":244},"75":{"loc":{"start":{"line":247,"column":6},"end":{"line":249,"column":7}},"type":"if","locations":[{"start":{"line":247,"column":6},"end":{"line":249,"column":7}},{"start":{},"end":{}}],"line":247},"76":{"loc":{"start":{"line":247,"column":10},"end":{"line":247,"column":63}},"type":"binary-expr","locations":[{"start":{"line":247,"column":10},"end":{"line":247,"column":39}},{"start":{"line":247,"column":43},"end":{"line":247,"column":63}}],"line":247},"77":{"loc":{"start":{"line":253,"column":6},"end":{"line":255,"column":7}},"type":"if","locations":[{"start":{"line":253,"column":6},"end":{"line":255,"column":7}},{"start":{},"end":{}}],"line":253},"78":{"loc":{"start":{"line":256,"column":6},"end":{"line":258,"column":7}},"type":"if","locations":[{"start":{"line":256,"column":6},"end":{"line":258,"column":7}},{"start":{},"end":{}}],"line":256},"79":{"loc":{"start":{"line":260,"column":6},"end":{"line":274,"column":7}},"type":"if","locations":[{"start":{"line":260,"column":6},"end":{"line":274,"column":7}},{"start":{},"end":{}}],"line":260},"80":{"loc":{"start":{"line":260,"column":10},"end":{"line":260,"column":48}},"type":"binary-expr","locations":[{"start":{"line":260,"column":10},"end":{"line":260,"column":28}},{"start":{"line":260,"column":32},"end":{"line":260,"column":48}}],"line":260},"81":{"loc":{"start":{"line":264,"column":8},"end":{"line":266,"column":9}},"type":"if","locations":[{"start":{"line":264,"column":8},"end":{"line":266,"column":9}},{"start":{},"end":{}}],"line":264},"82":{"loc":{"start":{"line":267,"column":8},"end":{"line":269,"column":9}},"type":"if","locations":[{"start":{"line":267,"column":8},"end":{"line":269,"column":9}},{"start":{},"end":{}}],"line":267},"83":{"loc":{"start":{"line":271,"column":8},"end":{"line":273,"column":9}},"type":"if","locations":[{"start":{"line":271,"column":8},"end":{"line":273,"column":9}},{"start":{},"end":{}}],"line":271},"84":{"loc":{"start":{"line":271,"column":12},"end":{"line":271,"column":87}},"type":"binary-expr","locations":[{"start":{"line":271,"column":12},"end":{"line":271,"column":38}},{"start":{"line":271,"column":42},"end":{"line":271,"column":66}},{"start":{"line":271,"column":70},"end":{"line":271,"column":87}}],"line":271},"85":{"loc":{"start":{"line":282,"column":2},"end":{"line":284,"column":3}},"type":"if","locations":[{"start":{"line":282,"column":2},"end":{"line":284,"column":3}},{"start":{},"end":{}}],"line":282},"86":{"loc":{"start":{"line":282,"column":6},"end":{"line":282,"column":35}},"type":"binary-expr","locations":[{"start":{"line":282,"column":6},"end":{"line":282,"column":16}},{"start":{"line":282,"column":20},"end":{"line":282,"column":35}}],"line":282},"87":{"loc":{"start":{"line":286,"column":2},"end":{"line":310,"column":3}},"type":"switch","locations":[{"start":{"line":287,"column":4},"end":{"line":288,"column":25}},{"start":{"line":290,"column":4},"end":{"line":291,"column":63}},{"start":{"line":293,"column":4},"end":{"line":294,"column":58}},{"start":{"line":296,"column":4},"end":{"line":297,"column":97}},{"start":{"line":299,"column":4},"end":{"line":303,"column":101}},{"start":{"line":305,"column":4},"end":{"line":306,"column":60}},{"start":{"line":308,"column":4},"end":{"line":309,"column":33}}],"line":286},"88":{"loc":{"start":{"line":300,"column":26},"end":{"line":302,"column":26}},"type":"cond-expr","locations":[{"start":{"line":301,"column":10},"end":{"line":301,"column":39}},{"start":{"line":302,"column":10},"end":{"line":302,"column":26}}],"line":300}},"s":{"0":2,"1":43,"2":20,"3":23,"4":23,"5":6,"6":1,"7":5,"8":4,"9":2,"10":2,"11":6,"12":1,"13":5,"14":5,"15":2,"16":0,"17":2,"18":2,"19":2,"20":2,"21":0,"22":0,"23":0,"24":0,"25":0,"26":0,"27":2,"28":4,"29":0,"30":4,"31":4,"32":4,"33":1,"34":3,"35":1,"36":2,"37":1,"38":2,"39":65,"40":65,"41":2,"42":2,"43":63,"44":1,"45":1,"46":62,"47":62,"48":2,"49":2,"50":60,"51":15,"52":10,"53":4,"54":10,"55":1,"56":10,"57":10,"58":3,"59":10,"60":2,"61":10,"62":1,"63":10,"64":2,"65":10,"66":6,"67":2,"68":6,"69":12,"70":2,"71":12,"72":3,"73":12,"74":1,"75":12,"76":1,"77":12,"78":1,"79":12,"80":7,"81":1,"82":7,"83":1,"84":7,"85":5,"86":5,"87":5,"88":1,"89":5,"90":1,"91":5,"92":1,"93":7,"94":60,"95":2,"96":66,"97":3,"98":63,"99":31,"100":10,"101":3,"102":7,"103":8,"104":8,"105":3,"106":1,"107":2},"f":{"0":43,"1":65,"2":66},"b":{"0":[20,23],"1":[43,41],"2":[19,1],"3":[19,1],"4":[19,1],"5":[19,1],"6":[6,4,6,2,4,1],"7":[1,5],"8":[6,5],"9":[3,2],"10":[3,2],"11":[3,2],"12":[3,2],"13":[3,2],"14":[2,2],"15":[4,3,3,3,3],"16":[2,0],"17":[2,0],"18":[2,0],"19":[2,0],"20":[2,0],"21":[2,0],"22":[1,5],"23":[6,6],"24":[3,2],"25":[2,1],"26":[2,0],"27":[3,2],"28":[3,2],"29":[3,2],"30":[3,2],"31":[0,2],"32":[2,2,2,2],"33":[2,0,0],"34":[0,2],"35":[0,0],"36":[0,0],"37":[2,0],"38":[2,0],"39":[2,0],"40":[2,0],"41":[0,4],"42":[4,4],"43":[1,3],"44":[4,3],"45":[1,2],"46":[2,0],"47":[2,0],"48":[2,0],"49":[2,0],"50":[2,63],"51":[1,62],"52":[2,60],"53":[15,10,10,6,12,7],"54":[4,6],"55":[10,8,7],"56":[1,9],"57":[3,7],"58":[10,8,7],"59":[2,8],"60":[10,8,8],"61":[1,9],"62":[10,8,6],"63":[2,8],"64":[10,9],"65":[2,4],"66":[6,5],"67":[2,10],"68":[12,11],"69":[3,9],"70":[12,10,9],"71":[1,11],"72":[12,6],"73":[1,11],"74":[12,2],"75":[1,11],"76":[12,2],"77":[1,6],"78":[1,6],"79":[5,2],"80":[7,6],"81":[1,4],"82":[1,4],"83":[1,4],"84":[5,4,3],"85":[3,63],"86":[66,64],"87":[31,10,3,7,8,3,1],"88":[3,5]},"_coverageSchema":"1a1c01bbd47fc00a2c39e90264f33305004495a9","hash":"7a58f6bca61dd2874c4dd712edef4cf0d6f0c215"}
,"/Users/ahsayakir/git/nba-custom-reports/backend/src/utils/queryBuilder.js": {"path":"/Users/ahsayakir/git/nba-custom-reports/backend/src/utils/queryBuilder.js","statementMap":{"0":{"start":{"line":5,"column":29},"end":{"line":5,"column":60}},"1":{"start":{"line":6,"column":52},"end":{"line":6,"column":77}},"2":{"start":{"line":7,"column":48},"end":{"line":7,"column":77}},"3":{"start":{"line":12,"column":4},"end":{"line":12,"column":33}},"4":{"start":{"line":19,"column":4},"end":{"line":19,"column":36}},"5":{"start":{"line":23,"column":0},"end":{"line":32,"column":1}},"6":{"start":{"line":24,"column":13},"end":{"line":24,"column":42}},"7":{"start":{"line":25,"column":2},"end":{"line":25,"column":19}},"8":{"start":{"line":26,"column":2},"end":{"line":26,"column":75}},"9":{"start":{"line":28,"column":2},"end":{"line":28,"column":93}},"10":{"start":{"line":29,"column":2},"end":{"line":31,"column":4}},"11":{"start":{"line":30,"column":4},"end":{"line":30,"column":46}},"12":{"start":{"line":34,"column":21},"end":{"line":50,"column":1}},"13":{"start":{"line":35,"column":2},"end":{"line":49,"column":3}},"14":{"start":{"line":36,"column":4},"end":{"line":36,"column":83}},"15":{"start":{"line":37,"column":4},"end":{"line":37,"column":42}},"16":{"start":{"line":39,"column":18},"end":{"line":39,"column":28}},"17":{"start":{"line":40,"column":19},"end":{"line":40,"column":43}},"18":{"start":{"line":41,"column":21},"end":{"line":41,"column":39}},"19":{"start":{"line":43,"column":4},"end":{"line":43,"column":104}},"20":{"start":{"line":45,"column":4},"end":{"line":45,"column":18}},"21":{"start":{"line":47,"column":4},"end":{"line":47,"column":67}},"22":{"start":{"line":48,"column":4},"end":{"line":48,"column":16}},"23":{"start":{"line":52,"column":25},"end":{"line":127,"column":1}},"24":{"start":{"line":53,"column":42},"end":{"line":53,"column":86}},"25":{"start":{"line":55,"column":2},"end":{"line":126,"column":3}},"26":{"start":{"line":56,"column":4},"end":{"line":87,"column":6}},"27":{"start":{"line":89,"column":4},"end":{"line":125,"column":6}},"28":{"start":{"line":129,"column":23},"end":{"line":195,"column":1}},"29":{"start":{"line":130,"column":42},"end":{"line":130,"column":84}},"30":{"start":{"line":132,"column":2},"end":{"line":194,"column":3}},"31":{"start":{"line":133,"column":4},"end":{"line":158,"column":6}},"32":{"start":{"line":160,"column":4},"end":{"line":193,"column":6}},"33":{"start":{"line":197,"column":39},"end":{"line":317,"column":1}},"34":{"start":{"line":198,"column":42},"end":{"line":198,"column":84}},"35":{"start":{"line":201,"column":2},"end":{"line":314,"column":3}},"36":{"start":{"line":202,"column":4},"end":{"line":259,"column":6}},"37":{"start":{"line":261,"column":4},"end":{"line":313,"column":6}},"38":{"start":{"line":316,"column":2},"end":{"line":316,"column":19}},"39":{"start":{"line":319,"column":25},"end":{"line":403,"column":1}},"40":{"start":{"line":321,"column":2},"end":{"line":323,"column":3}},"41":{"start":{"line":322,"column":4},"end":{"line":322,"column":69}},"42":{"start":{"line":325,"column":2},"end":{"line":327,"column":3}},"43":{"start":{"line":326,"column":4},"end":{"line":326,"column":48}},"44":{"start":{"line":330,"column":30},"end":{"line":330,"column":64}},"45":{"start":{"line":333,"column":26},"end":{"line":333,"column":64}},"46":{"start":{"line":334,"column":2},"end":{"line":336,"column":3}},"47":{"start":{"line":335,"column":4},"end":{"line":335,"column":82}},"48":{"start":{"line":339,"column":25},"end":{"line":339,"column":52}},"49":{"start":{"line":340,"column":30},"end":{"line":340,"column":61}},"50":{"start":{"line":342,"column":2},"end":{"line":342,"column":110}},"51":{"start":{"line":343,"column":2},"end":{"line":343,"column":53}},"52":{"start":{"line":344,"column":2},"end":{"line":344,"column":61}},"53":{"start":{"line":347,"column":2},"end":{"line":350,"column":3}},"54":{"start":{"line":348,"column":4},"end":{"line":348,"column":66}},"55":{"start":{"line":349,"column":4},"end":{"line":349,"column":93}},"56":{"start":{"line":353,"column":21},"end":{"line":353,"column":75}},"57":{"start":{"line":354,"column":2},"end":{"line":354,"column":99}},"58":{"start":{"line":357,"column":20},"end":{"line":359,"column":53}},"59":{"start":{"line":363,"column":48},"end":{"line":363,"column":97}},"60":{"start":{"line":365,"column":19},"end":{"line":365,"column":28}},"61":{"start":{"line":368,"column":2},"end":{"line":381,"column":3}},"62":{"start":{"line":370,"column":24},"end":{"line":370,"column":58}},"63":{"start":{"line":371,"column":4},"end":{"line":380,"column":5}},"64":{"start":{"line":372,"column":27},"end":{"line":372,"column":63}},"65":{"start":{"line":373,"column":26},"end":{"line":373,"column":59}},"66":{"start":{"line":376,"column":6},"end":{"line":379,"column":8}},"67":{"start":{"line":384,"column":25},"end":{"line":384,"column":77}},"68":{"start":{"line":385,"column":24},"end":{"line":385,"column":79}},"69":{"start":{"line":386,"column":2},"end":{"line":386,"column":36}},"70":{"start":{"line":389,"column":2},"end":{"line":391,"column":3}},"71":{"start":{"line":390,"column":4},"end":{"line":390,"column":52}},"72":{"start":{"line":393,"column":2},"end":{"line":402,"column":4}},"73":{"start":{"line":405,"column":32},"end":{"line":447,"column":1}},"74":{"start":{"line":407,"column":20},"end":{"line":407,"column":98}},"75":{"start":{"line":410,"column":48},"end":{"line":410,"column":92}},"76":{"start":{"line":412,"column":19},"end":{"line":412,"column":28}},"77":{"start":{"line":415,"column":2},"end":{"line":427,"column":3}},"78":{"start":{"line":417,"column":24},"end":{"line":417,"column":58}},"79":{"start":{"line":418,"column":4},"end":{"line":426,"column":5}},"80":{"start":{"line":419,"column":27},"end":{"line":419,"column":63}},"81":{"start":{"line":420,"column":26},"end":{"line":420,"column":59}},"82":{"start":{"line":422,"column":6},"end":{"line":425,"column":8}},"83":{"start":{"line":430,"column":25},"end":{"line":430,"column":71}},"84":{"start":{"line":431,"column":24},"end":{"line":431,"column":73}},"85":{"start":{"line":432,"column":2},"end":{"line":432,"column":36}},"86":{"start":{"line":435,"column":2},"end":{"line":437,"column":3}},"87":{"start":{"line":436,"column":4},"end":{"line":436,"column":52}},"88":{"start":{"line":439,"column":2},"end":{"line":446,"column":4}},"89":{"start":{"line":449,"column":24},"end":{"line":505,"column":1}},"90":{"start":{"line":451,"column":30},"end":{"line":451,"column":64}},"91":{"start":{"line":452,"column":25},"end":{"line":452,"column":52}},"92":{"start":{"line":455,"column":2},"end":{"line":477,"column":3}},"93":{"start":{"line":456,"column":22},"end":{"line":456,"column":103}},"94":{"start":{"line":457,"column":50},"end":{"line":457,"column":94}},"95":{"start":{"line":459,"column":21},"end":{"line":459,"column":72}},"96":{"start":{"line":461,"column":4},"end":{"line":472,"column":5}},"97":{"start":{"line":462,"column":26},"end":{"line":462,"column":60}},"98":{"start":{"line":463,"column":6},"end":{"line":471,"column":7}},"99":{"start":{"line":464,"column":29},"end":{"line":464,"column":65}},"100":{"start":{"line":465,"column":28},"end":{"line":465,"column":61}},"101":{"start":{"line":467,"column":8},"end":{"line":470,"column":10}},"102":{"start":{"line":474,"column":4},"end":{"line":474,"column":31}},"103":{"start":{"line":476,"column":4},"end":{"line":476,"column":53}},"104":{"start":{"line":480,"column":21},"end":{"line":480,"column":75}},"105":{"start":{"line":481,"column":20},"end":{"line":483,"column":53}},"106":{"start":{"line":485,"column":48},"end":{"line":485,"column":97}},"107":{"start":{"line":487,"column":19},"end":{"line":487,"column":70}},"108":{"start":{"line":489,"column":2},"end":{"line":500,"column":3}},"109":{"start":{"line":490,"column":24},"end":{"line":490,"column":58}},"110":{"start":{"line":491,"column":4},"end":{"line":499,"column":5}},"111":{"start":{"line":492,"column":27},"end":{"line":492,"column":63}},"112":{"start":{"line":493,"column":26},"end":{"line":493,"column":59}},"113":{"start":{"line":495,"column":6},"end":{"line":498,"column":8}},"114":{"start":{"line":502,"column":2},"end":{"line":502,"column":29}},"115":{"start":{"line":504,"column":2},"end":{"line":504,"column":51}},"116":{"start":{"line":507,"column":22},"end":{"line":511,"column":1}},"117":{"start":{"line":508,"column":30},"end":{"line":508,"column":64}},"118":{"start":{"line":509,"column":18},"end":{"line":509,"column":91}},"119":{"start":{"line":510,"column":2},"end":{"line":510,"column":33}},"120":{"start":{"line":513,"column":29},"end":{"line":542,"column":1}},"121":{"start":{"line":514,"column":16},"end":{"line":514,"column":26}},"122":{"start":{"line":516,"column":2},"end":{"line":541,"column":3}},"123":{"start":{"line":517,"column":32},"end":{"line":517,"column":66}},"124":{"start":{"line":518,"column":39},"end":{"line":518,"column":120}},"125":{"start":{"line":520,"column":4},"end":{"line":524,"column":5}},"126":{"start":{"line":521,"column":6},"end":{"line":521,"column":45}},"127":{"start":{"line":523,"column":6},"end":{"line":523,"column":38}},"128":{"start":{"line":526,"column":21},"end":{"line":526,"column":39}},"129":{"start":{"line":527,"column":4},"end":{"line":533,"column":6}},"130":{"start":{"line":535,"column":21},"end":{"line":535,"column":39}},"131":{"start":{"line":536,"column":4},"end":{"line":540,"column":6}},"132":{"start":{"line":544,"column":25},"end":{"line":575,"column":1}},"133":{"start":{"line":546,"column":2},"end":{"line":574,"column":3}},"134":{"start":{"line":547,"column":32},"end":{"line":547,"column":66}},"135":{"start":{"line":548,"column":27},"end":{"line":548,"column":54}},"136":{"start":{"line":549,"column":32},"end":{"line":549,"column":63}},"137":{"start":{"line":550,"column":26},"end":{"line":550,"column":60}},"138":{"start":{"line":552,"column":38},"end":{"line":552,"column":112}},"139":{"start":{"line":554,"column":4},"end":{"line":568,"column":6}},"140":{"start":{"line":570,"column":4},"end":{"line":573,"column":6}},"141":{"start":{"line":577,"column":0},"end":{"line":598,"column":2}}},"fnMap":{"0":{"name":"(anonymous_0)","decl":{"start":{"line":29,"column":10},"end":{"line":29,"column":11}},"loc":{"start":{"line":29,"column":22},"end":{"line":31,"column":3}},"line":29},"1":{"name":"(anonymous_1)","decl":{"start":{"line":34,"column":21},"end":{"line":34,"column":22}},"loc":{"start":{"line":34,"column":49},"end":{"line":50,"column":1}},"line":34},"2":{"name":"(anonymous_2)","decl":{"start":{"line":52,"column":25},"end":{"line":52,"column":26}},"loc":{"start":{"line":52,"column":60},"end":{"line":127,"column":1}},"line":52},"3":{"name":"(anonymous_3)","decl":{"start":{"line":129,"column":23},"end":{"line":129,"column":24}},"loc":{"start":{"line":129,"column":58},"end":{"line":195,"column":1}},"line":129},"4":{"name":"(anonymous_4)","decl":{"start":{"line":197,"column":39},"end":{"line":197,"column":40}},"loc":{"start":{"line":197,"column":97},"end":{"line":317,"column":1}},"line":197},"5":{"name":"(anonymous_5)","decl":{"start":{"line":319,"column":25},"end":{"line":319,"column":26}},"loc":{"start":{"line":319,"column":109},"end":{"line":403,"column":1}},"line":319},"6":{"name":"(anonymous_6)","decl":{"start":{"line":405,"column":32},"end":{"line":405,"column":33}},"loc":{"start":{"line":405,"column":90},"end":{"line":447,"column":1}},"line":405},"7":{"name":"(anonymous_7)","decl":{"start":{"line":449,"column":24},"end":{"line":449,"column":25}},"loc":{"start":{"line":449,"column":83},"end":{"line":505,"column":1}},"line":449},"8":{"name":"(anonymous_8)","decl":{"start":{"line":507,"column":22},"end":{"line":507,"column":23}},"loc":{"start":{"line":507,"column":89},"end":{"line":511,"column":1}},"line":507},"9":{"name":"(anonymous_9)","decl":{"start":{"line":513,"column":29},"end":{"line":513,"column":30}},"loc":{"start":{"line":513,"column":106},"end":{"line":542,"column":1}},"line":513},"10":{"name":"(anonymous_10)","decl":{"start":{"line":544,"column":25},"end":{"line":544,"column":26}},"loc":{"start":{"line":544,"column":84},"end":{"line":575,"column":1}},"line":544}},"branchMap":{"0":{"loc":{"start":{"line":34,"column":33},"end":{"line":34,"column":44}},"type":"default-arg","locations":[{"start":{"line":34,"column":42},"end":{"line":34,"column":44}}],"line":34},"1":{"loc":{"start":{"line":52,"column":37},"end":{"line":52,"column":55}},"type":"default-arg","locations":[{"start":{"line":52,"column":50},"end":{"line":52,"column":55}}],"line":52},"2":{"loc":{"start":{"line":55,"column":2},"end":{"line":126,"column":3}},"type":"if","locations":[{"start":{"line":55,"column":2},"end":{"line":126,"column":3}},{"start":{"line":88,"column":9},"end":{"line":126,"column":3}}],"line":55},"3":{"loc":{"start":{"line":129,"column":35},"end":{"line":129,"column":53}},"type":"default-arg","locations":[{"start":{"line":129,"column":48},"end":{"line":129,"column":53}}],"line":129},"4":{"loc":{"start":{"line":132,"column":2},"end":{"line":194,"column":3}},"type":"if","locations":[{"start":{"line":132,"column":2},"end":{"line":194,"column":3}},{"start":{"line":159,"column":9},"end":{"line":194,"column":3}}],"line":132},"5":{"loc":{"start":{"line":197,"column":81},"end":{"line":197,"column":92}},"type":"default-arg","locations":[{"start":{"line":197,"column":89},"end":{"line":197,"column":92}}],"line":197},"6":{"loc":{"start":{"line":201,"column":2},"end":{"line":314,"column":3}},"type":"if","locations":[{"start":{"line":201,"column":2},"end":{"line":314,"column":3}},{"start":{"line":260,"column":9},"end":{"line":314,"column":3}}],"line":201},"7":{"loc":{"start":{"line":319,"column":67},"end":{"line":319,"column":78}},"type":"default-arg","locations":[{"start":{"line":319,"column":75},"end":{"line":319,"column":78}}],"line":319},"8":{"loc":{"start":{"line":319,"column":80},"end":{"line":319,"column":104}},"type":"default-arg","locations":[{"start":{"line":319,"column":91},"end":{"line":319,"column":104}}],"line":319},"9":{"loc":{"start":{"line":321,"column":2},"end":{"line":323,"column":3}},"type":"if","locations":[{"start":{"line":321,"column":2},"end":{"line":323,"column":3}},{"start":{},"end":{}}],"line":321},"10":{"loc":{"start":{"line":321,"column":6},"end":{"line":321,"column":57}},"type":"binary-expr","locations":[{"start":{"line":321,"column":6},"end":{"line":321,"column":14}},{"start":{"line":321,"column":18},"end":{"line":321,"column":57}}],"line":321},"11":{"loc":{"start":{"line":325,"column":2},"end":{"line":327,"column":3}},"type":"if","locations":[{"start":{"line":325,"column":2},"end":{"line":327,"column":3}},{"start":{},"end":{}}],"line":325},"12":{"loc":{"start":{"line":330,"column":30},"end":{"line":330,"column":64}},"type":"binary-expr","locations":[{"start":{"line":330,"column":30},"end":{"line":330,"column":39}},{"start":{"line":330,"column":43},"end":{"line":330,"column":64}}],"li
[...]
:"if","locations":[{"start":{"line":111,"column":6},"end":{"line":113,"column":7}},{"start":{},"end":{}}],"line":111},"18":{"loc":{"start":{"line":114,"column":6},"end":{"line":116,"column":7}},"type":"if","locations":[{"start":{"line":114,"column":6},"end":{"line":116,"column":7}},{"start":{},"end":{}}],"line":114},"19":{"loc":{"start":{"line":121,"column":4},"end":{"line":123,"column":5}},"type":"if","locations":[{"start":{"line":121,"column":4},"end":{"line":123,"column":5}},{"start":{},"end":{}}],"line":121},"20":{"loc":{"start":{"line":121,"column":8},"end":{"line":121,"column":62}},"type":"binary-expr","locations":[{"start":{"line":121,"column":8},"end":{"line":121,"column":33}},{"start":{"line":121,"column":37},"end":{"line":121,"column":62}}],"line":121},"21":{"loc":{"start":{"line":135,"column":4},"end":{"line":137,"column":5}},"type":"if","locations":[{"start":{"line":135,"column":4},"end":{"line":137,"column":5}},{"start":{},"end":{}}],"line":135},"22":{"loc":{"start":{"line":135,"column":8},"end":{"line":135,"column":53}},"type":"binary-expr","locations":[{"start":{"line":135,"column":8},"end":{"line":135,"column":30}},{"start":{"line":135,"column":34},"end":{"line":135,"column":53}}],"line":135},"23":{"loc":{"start":{"line":143,"column":6},"end":{"line":145,"column":7}},"type":"if","locations":[{"start":{"line":143,"column":6},"end":{"line":145,"column":7}},{"start":{},"end":{}}],"line":143},"24":{"loc":{"start":{"line":148,"column":4},"end":{"line":154,"column":5}},"type":"if","locations":[{"start":{"line":148,"column":4},"end":{"line":154,"column":5}},{"start":{},"end":{}}],"line":148},"25":{"loc":{"start":{"line":165,"column":4},"end":{"line":167,"column":5}},"type":"if","locations":[{"start":{"line":165,"column":4},"end":{"line":167,"column":5}},{"start":{},"end":{}}],"line":165},"26":{"loc":{"start":{"line":183,"column":4},"end":{"line":189,"column":5}},"type":"if","locations":[{"start":{"line":183,"column":4},"end":{"line":189,"column":5}},{"start":{},"end":{}}],"line":183},"27":{"loc":{"start":{"line":191,"column":4},"end":{"line":199,"column":5}},"type":"if","locations":[{"start":{"line":191,"column":4},"end":{"line":199,"column":5}},{"start":{},"end":{}}],"line":191},"28":{"loc":{"start":{"line":201,"column":4},"end":{"line":209,"column":5}},"type":"if","locations":[{"start":{"line":201,"column":4},"end":{"line":209,"column":5}},{"start":{},"end":{}}],"line":201}},"s":{"0":119,"1":119,"2":48,"3":3,"4":45,"5":9,"6":36,"7":29,"8":7,"9":7,"10":3,"11":4,"12":9,"13":12,"14":2,"15":10,"16":3,"17":7,"18":7,"19":4,"20":3,"21":51,"22":4,"23":47,"24":8,"25":8,"26":1,"27":7,"28":2,"29":5,"30":39,"31":31,"32":31,"33":2,"34":29,"35":2,"36":27,"37":8,"38":1,"39":7,"40":5,"41":3,"42":2,"43":2,"44":7,"45":7,"46":2,"47":2,"48":1,"49":1,"50":8,"51":2,"52":6,"53":4,"54":4,"55":1,"56":3,"57":1,"58":2,"59":1,"60":1,"61":2},"f":{"0":119,"1":48,"2":7,"3":9,"4":12,"5":51,"6":5,"7":7,"8":8,"9":4},"b":{"0":[3,45],"1":[48,47,46],"2":[9,36],"3":[29,7],"4":[3,4],"5":[2,10],"6":[12,11],"7":[3,7],"8":[4,3],"9":[2,1],"10":[4,47],"11":[51,50,48],"12":[8,39],"13":[1,7],"14":[2,5],"15":[7,6],"16":[31,8],"17":[2,29],"18":[2,27],"19":[1,7],"20":[8,3],"21":[3,2],"22":[5,3],"23":[2,5],"24":[1,1],"25":[2,6],"26":[1,3],"27":[1,2],"28":[1,1]},"_coverageSchema":"1a1c01bbd47fc00a2c39e90264f33305004495a9","hash":"51d97fc749703765bf1cb79ddde3f08b2ecb6459"}
,"/Users/ahsayakir/git/nba-custom-reports/backend/src/utils/whereClauseBuilder.js": {"path":"/Users/ahsayakir/git/nba-custom-reports/backend/src/utils/whereClauseBuilder.js","statementMap":{"0":{"start":{"line":5,"column":27},"end":{"line":5,"column":54}},"1":{"start":{"line":8,"column":32},"end":{"line":106,"column":1}},"2":{"start":{"line":10,"column":34},"end":{"line":57,"column":3}},"3":{"start":{"line":60,"column":32},"end":{"line":102,"column":3}},"4":{"start":{"line":104,"column":18},"end":{"line":104,"column":89}},"5":{"start":{"line":105,"column":2},"end":{"line":105,"column":37}},"6":{"start":{"line":108,"column":29},"end":{"line":161,"column":1}},"7":{"start":{"line":109,"column":21},"end":{"line":109,"column":66}},"8":{"start":{"line":110,"column":2},"end":{"line":113,"column":3}},"9":{"start":{"line":111,"column":4},"end":{"line":111,"column":80}},"10":{"start":{"line":112,"column":4},"end":{"line":112,"column":49}},"11":{"start":{"line":116,"column":2},"end":{"line":160,"column":3}},"12":{"start":{"line":118,"column":22},"end":{"line":118,"column":82}},"13":{"start":{"line":119,"column":6},"end":{"line":122,"column":8}},"14":{"start":{"line":125,"column":22},"end":{"line":125,"column":82}},"15":{"start":{"line":126,"column":6},"end":{"line":129,"column":8}},"16":{"start":{"line":132,"column":22},"end":{"line":132,"column":82}},"17":{"start":{"line":133,"column":6},"end":{"line":136,"column":8}},"18":{"start":{"line":139,"column":23},"end":{"line":139,"column":83}},"19":{"start":{"line":140,"column":23},"end":{"line":140,"column":84}},"20":{"start":{"line":141,"column":6},"end":{"line":144,"column":8}},"21":{"start":{"line":147,"column":6},"end":{"line":149,"column":7}},"22":{"start":{"line":148,"column":8},"end":{"line":148,"column":53}},"23":{"start":{"line":150,"column":23},"end":{"line":150,"column":85}},"24":{"start":{"line":151,"column":27},"end":{"line":151,"column":82}},"25":{"start":{"line":151,"column":50},"end":{"line":151,"column":70}},"26":{"start":{"line":152,"column":6},"end":{"line":155,"column":8}},"27":{"start":{"line":158,"column":6},"end":{"line":158,"column":59}},"28":{"start":{"line":159,"column":6},"end":{"line":159,"column":51}},"29":{"start":{"line":163,"column":25},"end":{"line":196,"column":1}},"30":{"start":{"line":164,"column":2},"end":{"line":166,"column":3}},"31":{"start":{"line":165,"column":4},"end":{"line":165,"column":43}},"32":{"start":{"line":168,"column":21},"end":{"line":168,"column":23}},"33":{"start":{"line":169,"column":17},"end":{"line":169,"column":19}},"34":{"start":{"line":170,"column":19},"end":{"line":170,"column":34}},"35":{"start":{"line":172,"column":2},"end":{"line":190,"column":5}},"36":{"start":{"line":173,"column":4},"end":{"line":189,"column":5}},"37":{"start":{"line":175,"column":25},"end":{"line":175,"column":80}},"38":{"start":{"line":176,"column":6},"end":{"line":179,"column":7}},"39":{"start":{"line":177,"column":8},"end":{"line":177,"column":87}},"40":{"start":{"line":178,"column":8},"end":{"line":178,"column":15}},"41":{"start":{"line":181,"column":42},"end":{"line":181,"column":91}},"42":{"start":{"line":182,"column":6},"end":{"line":186,"column":7}},"43":{"start":{"line":183,"column":8},"end":{"line":183,"column":35}},"44":{"start":{"line":184,"column":8},"end":{"line":184,"column":37}},"45":{"start":{"line":185,"column":8},"end":{"line":185,"column":42}},"46":{"start":{"line":188,"column":6},"end":{"line":188,"column":89}},"47":{"start":{"line":193,"column":22},"end":{"line":193,"column":84}},"48":{"start":{"line":195,"column":2},"end":{"line":195,"column":33}},"49":{"start":{"line":199,"column":37},"end":{"line":281,"column":1}},"50":{"start":{"line":200,"column":17},"end":{"line":200,"column":19}},"51":{"start":{"line":202,"column":2},"end":{"line":205,"column":3}},"52":{"start":{"line":203,"column":4},"end":{"line":203,"column":44}},"53":{"start":{"line":204,"column":4},"end":{"line":204,"column":18}},"54":{"start":{"line":207,"column":2},"end":{"line":278,"column":5}},"55":{"start":{"line":208,"column":22},"end":{"line":208,"column":31}},"56":{"start":{"line":211,"column":4},"end":{"line":214,"column":5}},"57":{"start":{"line":212,"column":6},"end":{"line":212,"column":59}},"58":{"start":{"line":213,"column":6},"end":{"line":213,"column":13}},"59":{"start":{"line":216,"column":4},"end":{"line":219,"column":5}},"60":{"start":{"line":217,"column":6},"end":{"line":217,"column":63}},"61":{"start":{"line":218,"column":6},"end":{"line":218,"column":13}},"62":{"start":{"line":222,"column":23},"end":{"line":222,"column":68}},"63":{"start":{"line":223,"column":4},"end":{"line":226,"column":5}},"64":{"start":{"line":224,"column":6},"end":{"line":224,"column":79}},"65":{"start":{"line":225,"column":6},"end":{"line":225,"column":13}},"66":{"start":{"line":229,"column":4},"end":{"line":277,"column":5}},"67":{"start":{"line":233,"column":8},"end":{"line":240,"column":9}},"68":{"start":{"line":234,"column":10},"end":{"line":234,"column":96}},"69":{"start":{"line":236,"column":29},"end":{"line":236,"column":84}},"70":{"start":{"line":237,"column":10},"end":{"line":239,"column":11}},"71":{"start":{"line":238,"column":12},"end":{"line":238,"column":70}},"72":{"start":{"line":241,"column":8},"end":{"line":241,"column":14}},"73":{"start":{"line":244,"column":8},"end":{"line":251,"column":9}},"74":{"start":{"line":245,"column":10},"end":{"line":245,"column":85}},"75":{"start":{"line":247,"column":29},"end":{"line":247,"column":84}},"76":{"start":{"line":248,"column":10},"end":{"line":250,"column":11}},"77":{"start":{"line":249,"column":12},"end":{"line":249,"column":84}},"78":{"start":{"line":253,"column":8},"end":{"line":260,"column":9}},"79":{"start":{"line":254,"column":10},"end":{"line":254,"column":86}},"80":{"start":{"line":256,"column":29},"end":{"line":256,"column":85}},"81":{"start":{"line":257,"column":10},"end":{"line":259,"column":11}},"82":{"start":{"line":258,"column":12},"end":{"line":258,"column":85}},"83":{"start":{"line":261,"column":8},"end":{"line":261,"column":14}},"84":{"start":{"line":264,"column":8},"end":{"line":271,"column":9}},"85":{"start":{"line":265,"column":10},"end":{"line":265,"column":87}},"86":{"start":{"line":267,"column":29},"end":{"line":267,"column":86}},"87":{"start":{"line":268,"column":10},"end":{"line":270,"column":11}},"88":{"start":{"line":269,"column":12},"end":{"line":269,"column":70}},"89":{"start":{"line":272,"column":8},"end":{"line":272,"column":14}},"90":{"start":{"line":275,"column":8},"end":{"line":275,"column":82}},"91":{"start":{"line":276,"column":8},"end":{"line":276,"column":14}},"92":{"start":{"line":280,"column":2},"end":{"line":280,"column":16}},"93":{"start":{"line":283,"column":0},"end":{"line":288,"column":2}}},"fnMap":{"0":{"name":"(anonymous_0)","decl":{"start":{"line":8,"column":32},"end":{"line":8,"column":33}},"loc":{"start":{"line":8,"column":57},"end":{"line":106,"column":1}},"line":8},"1":{"name":"(anonymous_1)","decl":{"start":{"line":108,"column":29},"end":{"line":108,"column":30}},"loc":{"start":{"line":108,"column":62},"end":{"line":161,"column":1}},"line":108},"2":{"name":"(anonymous_2)","decl":{"start":{"line":151,"column":40},"end":{"line":151,"column":41}},"loc":{"start":{"line":151,"column":50},"end":{"line":151,"column":70}},"line":151},"3":{"name":"(anonymous_3)","decl":{"start":{"line":163,"column":25},"end":{"line":163,"column":26}},"loc":{"start":{"line":163,"column":88},"end":{"line":196,"column":1}},"line":163},"4":{"name":"(anonymous_4)","decl":{"start":{"line":172,"column":18},"end":{"line":172,"column":19}},"loc":{"start":{"line":172,"column":28},"end":{"line":190,"column":3}},"line":172},"5":{"name":"(anonymous_5)","decl":{"start":{"line":199,"column":37},"end":{"line":199,"column":38}},"loc":{"start":{"line":199,"column":59},"end":{"line":281,"column":1}},"line":199},"6":{"name":"(anonymous_6)","decl":{"start":{"line":207,"column":18},"end":{"line":207,"column":19}},"loc":{"start":{"line":207,"column":37},"end":{"line":278,"column":3}},"line":207}},"branchMap":{"0":{"loc":{"start":{"line":104,"column":18},"end":{"line":104,"column":89}},"type":"cond-expr","locations":[{"start":{"line":104,"column":42},"end":{"line":104,"column":65}},{"start":{"line":104,"column":68},"end":{"line":104,"column":89}}],"line":104},"1":{"loc":{"start":{"line":105,"column":9},"end":{"line":105,"column":36}},"type":"binary-expr","locations":[{"start":{"line":105,"column":9},"end":{"line":105,"column":28}},{"start":{"line":105,"column":32},"end":{"line":105,"column":36}}],"line":105},"2":{"loc":{"start":{"line":110,"column":2},"end":{"line":113,"column":3}},"type":"if","locations":[{"start":{"line":110,"column":2},"end":{"line":113,"column":3}},{"start":{},"end":{}}],"line":110},"3":{"loc":{"start":{"line":116,"column":2},"end":{"line":160,"column":3}},"type":"switch","locations":[{"start":{"line":117,"column":4},"end":{"line":122,"column":8}},{"start":{"line":124,"column":4},"end":{"line":129,"column":8}},{"start":{"line":131,"column":4},"end":{"line":136,"column":8}},{"start":{"line":138,"column":4},"end":{"line":144,"column":8}},{"start":{"line":146,"column":4},"end":{"line":155,"column":8}},{"start":{"line":157,"column":4},"end":{"line":159,"column":51}}],"line":116},"4":{"loc":{"start":{"line":147,"column":6},"end":{"line":149,"column":7}},"type":"if","locations":[{"start":{"line":147,"column":6},"end":{"line":149,"column":7}},{"start":{},"end":{}}],"line":147},"5":{"loc":{"start":{"line":147,"column":10},"end":{"line":147,"column":54}},"type":"binary-expr","locations":[{"start":{"line":147,"column":10},"end":{"line":147,"column":24}},{"start":{"line":147,"column":28},"end":{"line":147,"column":54}}],"line":147},"6":{"loc":{"start":{"line":163,"column":44},"end":{"line":163,"column":62}},"type":"default-arg","locations":[{"start":{"line":163,"column":57},"end":{"line":163,"column":62}}],"line":163},"7":{"loc":{"start":{"line":163,"column":64},"end":{"line":163,"column":83}},"type":"default-arg","locations":[{"start":{"line":163,"column":82},"end":{"line":163,"column":83}}],"line":163},"8":{"loc":{"start":{"line":164,"column":2},"end":{"line":166,"column":3}},"type":"if","locations":[{"start":{"line":164,"column":2},"end":{"line":166,"column":3}},{"start":{},"end":{}}],"line":164},"9":{"loc":{"start":{"line":164,"column":6},"end":{"line":164,"column":38}},"type":"binary-expr","locations":[{"start":{"line":164,"column":6},"end":{"line":164,"column":14}},{"start":{"line":164,"column":18},"end":{"line":164,"column":38}}],"line":164},"10":{"loc":{"start":{"line":176,"column":6},"end":{"line":179,"column":7}},"type":"if","locations":[{"start":{"line":176,"column":6},"end":{"line":179,"column":7}},{"start":{},"end":{}}],"line":176},"11":{"loc":{"start":{"line":182,"column":6},"end":{"line":186,"column":7}},"type":"if","locations":[{"start":{"line":182,"column":6},"end":{"line":186,"column":7}},{"start":{},"end":{}}],"line":182},"12":{"loc":{"start":{"line":193,"column":22},"end":{"line":193,"column":84}},"type":"cond-expr","locations":[{"start":{"line":193,"column":46},"end":{"line":193,"column":79}},{"start":{"line":193,"column":82},"end":{"line":193,"column":84}}],"line":193},"13":{"loc":{"start":{"line":202,"column":2},"end":{"line":205,"column":3}},"type":"if","locations":[{"start":{"line":202,"column":2},"end":{"line":205,"column":3}},{"start":{},"end":{}}],"line":202},"14":{"loc":{"start":{"line":211,"column":4},"end":{"line":214,"column":5}},"type":"if","locations":[{"start":{"line":211,"column":4},"end":{"line":214,"column":5}},{"start":{},"end":{}}],"line":211},"15":{"loc":{"start":{"line":216,"column":4},"end":{"line":219,"column":5}},"type":"if","locations":[{"start":{"line":216,"column":4},"end":{"line":219,"column":5}},{"start":{},"end":{}}],"line":216},"16":{"loc":{"start":{"line":223,"column":4},"end":{"line":226,"column":5}},"type":"if","locations":[{"start":{"line":223,"column":4},"end":{"line":226,"column":5}},{"start":{},"end":{}}],"line":223},"17":{"loc":{"start":{"line":229,"column":4},"end":{"line":277,"column":5}},"type":"switch","locations":[{"start":{"line":230,"column":6},"end":{"line":230,"column":26}},{"start":{"line":231,"column":6},"end":{"line":231,"column":23}},{"start":{"line":232,"column":6},"end":{"line":241,"column":14}},{"start":{"line":243,"column":6},"end":{"line":261,"column":14}},{"start":{"line":263,"column":6},"end":{"line":272,"column":14}},{"start":{"line":274,"column":6},"end":{"line":276,"column":14}}],"line":229},"18":{"loc":{"start":{"line":233,"column":8},"end":{"line":240,"column":9}},"type":"if","locations":[{"start":{"line":233,"column":8},"end":{"line":240,"column":9}},{"start":{"line":235,"column":15},"end":{"line":240,"column":9}}],"line":233},"19":{"loc":{"start":{"line":233,"column":12},"end":{"line":233,"column":63}},"type":"binary-expr","locations":[{"start":{"line":233,"column":12},"end":{"line":233,"column":33}},{"start":{"line":233,"column":37},"end":{"line":233,"column":63}}],"line":233},"20":{"loc":{"start":{"line":237,"column":10},"end":{"line":239,"column":11}},"type":"if","locations":[{"start":{"line":237,"column":10},"end":{"line":239,"column":11}},{"start":{},"end":{}}],"line":237},"21":{"loc":{"start":{"line":244,"column":8},"end":{"line":251,"column":9}},"type":"if","locations":[{"start":{"line":244,"column":8},"end":{"line":251,"column":9}},{"start":{"line":246,"column":15},"end":{"line":251,"column":9}}],"line":244},"22":{"loc":{"start":{"line":244,"column":12},"end":{"line":244,"column":63}},"type":"binary-expr","locations":[{"start":{"line":244,"column":12},"end":{"line":244,"column":33}},{"start":{"line":244,"column":37},"end":{"line":244,"column":63}}],"line":244},"23":{"loc":{"start":{"line":248,"column":10},"end":{"line":250,"column":11}},"type":"if","locations":[{"start":{"line":248,"column":10},"end":{"line":250,"column":11}},{"start":{},"end":{}}],"line":248},"24":{"loc":{"start":{"line":253,"column":8},"end":{"line":260,"column":9}},"type":"if","locations":[{"start":{"line":253,"column":8},"end":{"line":260,"column":9}},{"start":{"line":255,"column":15},"end":{"line":260,"column":9}}],"line":253},"25":{"loc":{"start":{"line":253,"column":12},"end":{"line":253,"column":65}},"type":"binary-expr","locations":[{"start":{"line":253,"column":12},"end":{"line":253,"column":34}},{"start":{"line":253,"column":38},"end":{"line":253,"column":65}}],"line":253},"26":{"loc":{"start":{"line":257,"column":10},"end":{"line":259,"column":11}},"type":"if","locations":[{"start":{"line":257,"column":10},"end":{"line":259,"column":11}},{"start":{},"end":{}}],"line":257},"27":{"loc":{"start":{"line":264,"column":8},"end":{"line":271,"column":9}},"type":"if","locations":[{"start":{"line":264,"column":8},"end":{"line":271,"column":9}},{"start":{"line":266,"column":15},"end":{"line":271,"column":9}}],"line":264},"28":{"loc":{"start":{"line":264,"column":12},"end":{"line":264,"column":89}},"type":"binary-expr","locations":[{"start":{"line":264,"column":12},"end":{"line":264,"column":26}},{"start":{"line":264,"column":30},"end":{"line":264,"column":59}},{"start":{"line":264,"column":63},"end":{"line":264,"column":89}}],"line":264},"29":{"loc":{"start":{"line":268,"column":10},"end":{"line":270,"column":11}},"type":"if","locations":[{"start":{"line":268,"column":10},"end":{"line":270,"column":11}},{"start":{},"end":{}}],"line":268}},"s":{"0":1,"1":1,"2":26,"3":26,"4":26,"5":26,"6":1,"7":26,"8":26,"9":0,"10":0,"11":26,"12":25,"13":25,"14":0,"15":0,"16":0,"17":0,"18":0,"19":0,"20":0,"21":0,"22":0,"23":0,"24":0,"25":0,"26":0,"27":1,"28":1,"29":1,"30":26,"31":4,"32":22,"33":22,"34":22,"35":22,"36":27,"37":27,"38":27,"39":1,"40":1,"41":26,"42":26,"43":25,"44":25,"45":25,"46":0,"47":22,"48":22,"49":1,"50":0,"51":0,"52":0,"53":0,"54":0,"55":0,"56":0,"57":0,"58":0,"59":0,"60":0,"61":0,"62":0,"63":0,"64":0,"65":0,"66":0,"67":0,"68":0,"69":0,"70":0,"71":0,"72":0,"73":0,"74":0,"75":0,"76":0,"77":0,"78":0,"79":0,"80":0,"81":0,"82":0,"83":0,"84":0,"85":0,"86":0,"87":0,"88":0,"89":0,"90":0,"91":0,"92":0,"93":1},"f":{"0":26,"1":26,"2":0,"3":26,"4":27,"5":0,"6":0},"b":{"0":[23,3],"1":[26,0],"2":[0,26],"3":[25,0,0,0,0,1],"4":[0,0],"5":[0,0],"6":[0],"7":[0],"8":[4,22],"9":[26,26],"10":[1,26],"11":[25,1],"12":[21,1],"13":[0,0],"14":[0,0],"15":[0,0],"16":[0,0],"17":[0,0,0,0,0,0],"18":[0,0],"19":[0,0],"20":[0,0],"21":[0,0],"22":[0,0],"23":[0,0],"24":[0,0],"25":[0,0],"26":[0,0],"27":[0,0],"28":[0,0,0],"29":[0,0]},"_coverageSchema":"1a1c01bbd47fc00a2c39e90264f33305004495a9","hash":"5fc69f82d89ee70e774d373ea1421810f11a49a3"}
}
