TN:
SF:src/utils/filterValidation.js
FN:7,(anonymous_0)
FN:15,(anonymous_1)
FN:47,(anonymous_2)
FN:67,(anonymous_3)
FN:87,(anonymous_4)
FN:95,(anonymous_5)
FN:98,(anonymous_6)
FN:138,(anonymous_7)
FN:145,(anonymous_8)
FN:149,(anonymous_9)
FN:165,(anonymous_10)
FN:174,(anonymous_11)
FN:175,(anonymous_12)
FN:190,(anonymous_13)
FNF:14
FNH:2
FNDA:0,(anonymous_0)
FNDA:0,(anonymous_1)
FNDA:0,(anonymous_2)
FNDA:0,(anonymous_3)
FNDA:23,(anonymous_4)
FNDA:23,(anonymous_5)
FNDA:0,(anonymous_6)
FNDA:0,(anonymous_7)
FNDA:0,(anonymous_8)
FNDA:0,(anonymous_9)
FNDA:0,(anonymous_10)
FNDA:0,(anonymous_11)
FNDA:0,(anonymous_12)
FNDA:0,(anonymous_13)
DA:5,1
DA:7,1
DA:8,0
DA:10,0
DA:11,0
DA:12,0
DA:15,0
DA:16,0
DA:17,0
DA:20,0
DA:21,0
DA:24,0
DA:25,0
DA:28,0
DA:29,0
DA:32,0
DA:33,0
DA:37,0
DA:38,0
DA:39,0
DA:43,0
DA:47,1
DA:48,0
DA:51,0
DA:52,0
DA:56,0
DA:57,0
DA:58,0
DA:60,0
DA:64,0
DA:65,0
DA:66,0
DA:67,0
DA:71,0
DA:72,0
DA:73,0
DA:75,0
DA:76,0
DA:78,0
DA:79,0
DA:84,0
DA:87,1
DA:88,23
DA:95,23
DA:98,1
DA:99,0
DA:105,0
DA:112,0
DA:117,0
DA:123,0
DA:124,0
DA:130,0
DA:138,1
DA:139,0
DA:142,0
DA:145,1
DA:146,0
DA:149,1
DA:150,0
DA:154,0
DA:156,0
DA:158,0
DA:160,0
DA:165,1
DA:166,0
DA:167,0
DA:169,0
DA:170,0
DA:174,0
DA:175,0
DA:178,0
DA:179,0
DA:180,0
DA:185,0
DA:186,0
DA:187,0
DA:190,0
DA:191,0
DA:192,0
DA:197,0
DA:198,0
DA:201,0
DA:202,0
DA:205,0
DA:212,1
LF:85
LH:12
BRDA:10,0,0,0
BRDA:10,0,1,0
BRDA:16,1,0,0
BRDA:16,1,1,0
BRDA:20,2,0,0
BRDA:20,2,1,0
BRDA:24,3,0,0
BRDA:24,3,1,0
BRDA:24,4,0,0
BRDA:24,4,1,0
BRDA:24,4,2,0
BRDA:28,5,0,0
BRDA:28,5,1,0
BRDA:28,6,0,0
BRDA:28,6,1,0
BRDA:28,6,2,0
BRDA:32,7,0,0
BRDA:32,7,1,0
BRDA:32,8,0,0
BRDA:32,8,1,0
BRDA:38,9,0,0
BRDA:38,9,1,0
BRDA:38,10,0,0
BRDA:38,10,1,0
BRDA:51,11,0,0
BRDA:51,11,1,0
BRDA:51,12,0,0
BRDA:51,12,1,0
BRDA:56,13,0,0
BRDA:56,13,1,0
BRDA:64,14,0,0
BRDA:64,14,1,0
BRDA:66,15,0,0
BRDA:66,15,1,0
BRDA:71,16,0,0
BRDA:71,16,1,0
BRDA:72,17,0,0
BRDA:72,17,1,0
BRDA:75,18,0,0
BRDA:75,18,1,0
BRDA:75,19,0,0
BRDA:75,19,1,0
BRDA:78,20,0,0
BRDA:78,20,1,0
BRDA:78,21,0,0
BRDA:78,21,1,0
BRDA:123,22,0,0
BRDA:123,22,1,0
BRDA:150,23,0,0
BRDA:150,23,1,0
BRDA:150,23,2,0
BRDA:150,23,3,0
BRDA:150,23,4,0
BRDA:150,23,5,0
BRDA:169,24,0,0
BRDA:169,24,1,0
BRDA:169,25,0,0
BRDA:169,25,1,0
BRDA:178,26,0,0
BRDA:178,26,1,0
BRDA:179,27,0,0
BRDA:179,27,1,0
BRDA:185,28,0,0
BRDA:185,28,1,0
BRDA:185,29,0,0
BRDA:185,29,1,0
BRDA:186,30,0,0
BRDA:186,30,1,0
BRDA:191,31,0,0
BRDA:191,31,1,0
BRDA:197,32,0,0
BRDA:197,32,1,0
BRDA:197,33,0,0
BRDA:197,33,1,0
BRDA:201,34,0,0
BRDA:201,34,1,0
BRDA:201,35,0,0
BRDA:201,35,1,0
BRF:78
BRH:0
end_of_record
TN:
SF:src/utils/metadata.js
FN:564,(anonymous_0)
FN:568,(anonymous_1)
FN:587,(anonymous_2)
FN:591,(anonymous_3)
FN:610,(anonymous_4)
FN:615,(anonymous_5)
FN:619,(anonymous_6)
FN:635,(anonymous_7)
FN:643,(anonymous_8)
FN:651,(anonymous_9)
FN:655,(anonymous_10)
FNF:11
FNH:2
FNDA:0,(anonymous_0)
FNDA:0,(anonymous_1)
FNDA:0,(anonymous_2)
FNDA:0,(anonymous_3)
FNDA:0,(anonymous_4)
FNDA:25,(anonymous_5)
FNDA:1010,(anonymous_6)
FNDA:0,(anonymous_7)
FNDA:0,(anonymous_8)
FNDA:0,(anonymous_9)
FNDA:0,(anonymous_10)
DA:7,1
DA:303,1
DA:564,1
DA:565,0
DA:566,0
DA:568,0
DA:569,0
DA:570,0
DA:571,0
DA:572,0
DA:574,0
DA:575,0
DA:580,0
DA:581,0
DA:584,0
DA:587,1
DA:588,0
DA:589,0
DA:591,0
DA:592,0
DA:593,0
DA:594,0
DA:595,0
DA:597,0
DA:598,0
DA:603,0
DA:604,0
DA:607,0
DA:610,1
DA:611,0
DA:612,0
DA:615,1
DA:616,25
DA:617,25
DA:619,25
DA:620,1010
DA:621,1010
DA:626,1010
DA:627,699
DA:631,25
DA:635,1
DA:636,0
DA:637,0
DA:639,0
DA:643,1
DA:644,0
DA:645,0
DA:647,0
DA:651,1
DA:652,0
DA:653,0
DA:655,0
DA:656,0
DA:657,0
DA:661,0
DA:665,1
LF:56
LH:18
BRDA:564,0,0,0
BRDA:564,1,0,0
BRDA:570,2,0,0
BRDA:570,2,1,0
BRDA:571,3,0,0
BRDA:571,3,1,0
BRDA:571,4,0,0
BRDA:571,4,1,0
BRDA:574,5,0,0
BRDA:574,5,1,0
BRDA:580,6,0,0
BRDA:580,6,1,0
BRDA:584,7,0,0
BRDA:584,7,1,0
BRDA:587,8,0,0
BRDA:587,9,0,0
BRDA:593,10,0,0
BRDA:593,10,1,0
BRDA:594,11,0,0
BRDA:594,11,1,0
BRDA:594,12,0,0
BRDA:594,12,1,0
BRDA:597,13,0,0
BRDA:597,13,1,0
BRDA:603,14,0,0
BRDA:603,14,1,0
BRDA:607,15,0,0
BRDA:607,15,1,0
BRDA:610,16,0,0
BRDA:611,17,0,0
BRDA:611,17,1,0
BRDA:612,18,0,0
BRDA:612,18,1,0
BRDA:615,19,0,0
BRDA:615,20,0,0
BRDA:616,21,0,22
BRDA:616,21,1,3
BRDA:621,22,0,1010
BRDA:621,22,1,1010
BRDA:621,22,2,872
BRDA:621,22,3,369
BRDA:621,22,4,58
BRDA:626,23,0,699
BRDA:626,23,1,311
BRDA:626,24,0,1010
BRDA:626,24,1,699
BRDA:639,25,0,0
BRDA:639,25,1,0
BRDA:639,25,2,0
BRDA:639,25,3,0
BRDA:647,26,0,0
BRDA:647,26,1,0
BRDA:647,26,2,0
BRDA:647,26,3,0
BRDA:652,27,0,0
BRDA:652,27,1,0
BRDA:656,28,0,0
BRDA:656,28,1,0
BRF:58
BRH:11
end_of_record
TN:
SF:src/utils/organizerBuilder.js
FN:6,(anonymous_0)
FN:179,(anonymous_1)
FN:281,(anonymous_2)
FNF:3
FNH:3
FNDA:43,(anonymous_0)
FNDA:65,(anonymous_1)
FNDA:66,(anonymous_2)
DA:6,2
DA:7,43
DA:9,20
DA:22,23
DA:24,23
DA:27,6
DA:28,1
DA:31,5
DA:54,4
DA:55,2
DA:58,2
DA:78,6
DA:79,1
DA:82,5
DA:86,5
DA:100,2
DA:101,0
DA:107,2
DA:109,2
DA:110,2
DA:111,2
DA:113,0
DA:114,0
DA:115,0
DA:117,0
DA:118,0
DA:119,0
DA:122,2
DA:144,4
DA:145,0
DA:149,4
DA:150,4
DA:152,4
DA:153,1
DA:156,3
DA:157,1
DA:160,2
DA:175,1
DA:179,2
DA:180,65
DA:182,65
DA:183,2
DA:184,2
DA:187,63
DA:188,1
DA:189,1
DA:192,62
DA:193,62
DA:194,2
DA:195,2
DA:198,60
DA:201,15
DA:204,10
DA:205,4
DA:207,10
DA:208,1
DA:210,10
DA:213,10
DA:214,3
DA:216,10
DA:217,2
DA:219,10
DA:220,1
DA:222,10
DA:223,2
DA:225,10
DA:228,6
DA:229,2
DA:231,6
DA:234,12
DA:235,2
DA:237,12
DA:238,3
DA:241,12
DA:242,1
DA:244,12
DA:245,1
DA:247,12
DA:248,1
DA:250,12
DA:253,7
DA:254,1
DA:256,7
DA:257,1
DA:260,7
DA:261,5
DA:262,5
DA:264,5
DA:265,1
DA:267,5
DA:268,1
DA:271,5
DA:272,1
DA:275,7
DA:278,60
DA:281,2
DA:282,66
DA:283,3
DA:286,63
DA:288,31
DA:291,10
DA:294,3
DA:297,7
DA:300,8
DA:303,8
DA:306,3
DA:309,1
DA:313,2
LF:108
LH:100
BRDA:7,0,0,20
BRDA:7,0,1,23
BRDA:7,1,0,43
BRDA:7,1,1,41
BRDA:12,2,0,19
BRDA:12,2,1,1
BRDA:13,3,0,19
BRDA:13,3,1,1
BRDA:14,4,0,19
BRDA:14,4,1,1
BRDA:15,5,0,19
BRDA:15,5,1,1
BRDA:24,6,0,6
BRDA:24,6,1,4
BRDA:24,6,2,6
BRDA:24,6,3,2
BRDA:24,6,4,4
BRDA:24,6,5,1
BRDA:27,7,0,1
BRDA:27,7,1,5
BRDA:27,8,0,6
BRDA:27,8,1,5
BRDA:35,9,0,3
BRDA:35,9,1,2
BRDA:36,10,0,3
BRDA:36,10,1,2
BRDA:38,11,0,3
BRDA:38,11,1,2
BRDA:41,12,0,3
BRDA:41,12,1,2
BRDA:42,13,0,3
BRDA:42,13,1,2
BRDA:54,14,0,2
BRDA:54,14,1,2
BRDA:54,15,0,4
BRDA:54,15,1,3
BRDA:54,15,2,3
BRDA:54,15,3,3
BRDA:54,15,4,3
BRDA:61,16,0,2
BRDA:61,16,1,0
BRDA:62,17,0,2
BRDA:62,17,1,0
BRDA:63,18,0,2
BRDA:63,18,1,0
BRDA:64,19,0,2
BRDA:64,19,1,0
BRDA:67,20,0,2
BRDA:67,20,1,0
BRDA:70,21,0,2
BRDA:70,21,1,0
BRDA:78,22,0,1
BRDA:78,22,1,5
BRDA:78,23,0,6
BRDA:78,23,1,6
BRDA:82,24,0,3
BRDA:82,24,1,2
BRDA:83,25,0,2
BRDA:83,25,1,1
BRDA:84,26,0,2
BRDA:84,26,1,0
BRDA:89,27,0,3
BRDA:89,27,1,2
BRDA:90,28,0,3
BRDA:90,28,1,2
BRDA:91,29,0,3
BRDA:91,29,1,2
BRDA:92,30,0,3
BRDA:92,30,1,2
BRDA:100,31,0,0
BRDA:100,31,1,2
BRDA:100,32,0,2
BRDA:100,32,1,2
BRDA:100,32,2,2
BRDA:100,32,3,2
BRDA:107,33,0,2
BRDA:107,33,1,0
BRDA:107,33,2,0
BRDA:110,34,0,0
BRDA:110,34,1,2
BRDA:114,35,0,0
BRDA:114,35,1,0
BRDA:118,36,0,0
BRDA:118,36,1,0
BRDA:130,37,0,2
BRDA:130,37,1,0
BRDA:131,38,0,2
BRDA:131,38,1,0
BRDA:132,39,0,2
BRDA:132,39,1,0
BRDA:133,40,0,2
BRDA:133,40,1,0
BRDA:144,41,0,0
BRDA:144,41,1,4
BRDA:144,42,0,4
BRDA:144,42,1,4
BRDA:152,43,0,1
BRDA:152,43,1,3
BRDA:152,44,0,4
BRDA:152,44,1,3
BRDA:156,45,0,1
BRDA:156,45,1,2
BRDA:163,46,0,2
BRDA:163,46,1,0
BRDA:164,47,0,2
BRDA:164,47,1,0
BRDA:165,48,0,2
BRDA:165,48,1,0
BRDA:166,49,0,2
BRDA:166,49,1,0
BRDA:182,50,0,2
BRDA:182,50,1,63
BRDA:187,51,0,1
BRDA:187,51,1,62
BRDA:193,52,0,2
BRDA:193,52,1,60
BRDA:198,53,0,15
BRDA:198,53,1,10
BRDA:198,53,2,10
BRDA:198,53,3,6
BRDA:198,53,4,12
BRDA:198,53,5,7
BRDA:204,54,0,4
BRDA:204,54,1,6
BRDA:204,55,0,10
BRDA:204,55,1,8
BRDA:204,55,2,7
BRDA:207,56,0,1
BRDA:207,56,1,9
BRDA:213,57,0,3
BRDA:213,57,1,7
BRDA:213,58,0,10
BRDA:213,58,1,8
BRDA:213,58,2,7
BRDA:216,59,0,2
BRDA:216,59,1,8
BRDA:216,60,0,10
BRDA:216,60,1,8
BRDA:216,60,2,8
BRDA:219,61,0,1
BRDA:219,61,1,9
BRDA:219,62,0,10
BRDA:219,62,1,8
BRDA:219,62,2,6
BRDA:222,63,0,2
BRDA:222,63,1,8
BRDA:222,64,0,10
BRDA:222,64,1,9
BRDA:228,65,0,2
BRDA:228,65,1,4
BRDA:228,66,0,6
BRDA:228,66,1,5
BRDA:234,67,0,2
BRDA:234,67,1,10
BRDA:234,68,0,12
BRDA:234,68,1,11
BRDA:237,69,0,3
BRDA:237,69,1,9
BRDA:237,70,0,12
BRDA:237,70,1,10
BRDA:237,70,2,9
BRDA:241,71,0,1
BRDA:241,71,1,11
BRDA:241,72,0,12
BRDA:241,72,1,6
BRDA:244,73,0,1
BRDA:244,73,1,11
BRDA:244,74,0,12
BRDA:244,74,1,2
BRDA:247,75,0,1
BRDA:247,75,1,11
BRDA:247,76,0,12
BRDA:247,76,1,2
BRDA:253,77,0,1
BRDA:253,77,1,6
BRDA:256,78,0,1
BRDA:256,78,1,6
BRDA:260,79,0,5
BRDA:260,79,1,2
BRDA:260,80,0,7
BRDA:260,80,1,6
BRDA:264,81,0,1
BRDA:264,81,1,4
BRDA:267,82,0,1
BRDA:267,82,1,4
BRDA:271,83,0,1
BRDA:271,83,1,4
BRDA:271,84,0,5
BRDA:271,84,1,4
BRDA:271,84,2,3
BRDA:282,85,0,3
BRDA:282,85,1,63
BRDA:282,86,0,66
BRDA:282,86,1,64
BRDA:286,87,0,31
BRDA:286,87,1,10
BRDA:286,87,2,3
BRDA:286,87,3,7
BRDA:286,87,4,8
BRDA:286,87,5,3
BRDA:286,87,6,1
BRDA:300,88,0,3
BRDA:300,88,1,5
BRF:203
BRH:179
end_of_record
TN:
SF:src/utils/queryBuilder.js
FN:29,(anonymous_0)
FN:34,(anonymous_1)
FN:52,(anonymous_2)
FN:129,(anonymous_3)
FN:197,(anonymous_4)
FN:319,(anonymous_5)
FN:405,(anonymous_6)
FN:449,(anonymous_7)
FN:507,(anonymous_8)
FN:513,(anonymous_9)
FN:544,(anonymous_10)
FNF:11
FNH:10
FNDA:0,(anonymous_0)
FNDA:6,(anonymous_1)
FNDA:19,(anonymous_2)
FNDA:4,(anonymous_3)
FNDA:3,(anonymous_4)
FNDA:26,(anonymous_5)
FNDA:2,(anonymous_6)
FNDA:3,(anonymous_7)
FNDA:4,(anonymous_8)
FNDA:2,(anonymous_9)
FNDA:4,(anonymous_10)
DA:5,1
DA:6,1
DA:7,1
DA:12,1
DA:19,1
DA:23,1
DA:24,1
DA:25,1
DA:26,1
DA:28,0
DA:29,0
DA:30,0
DA:34,1
DA:35,6
DA:36,6
DA:37,6
DA:39,6
DA:40,6
DA:41,3
DA:43,3
DA:45,3
DA:47,3
DA:48,3
DA:52,1
DA:53,19
DA:55,19
DA:56,1
DA:89,18
DA:129,1
DA:130,4
DA:132,4
DA:133,2
DA:160,2
DA:197,1
DA:198,3
DA:201,3
DA:202,3
DA:261,0
DA:316,3
DA:319,1
DA:321,26
DA:322,1
DA:325,25
DA:326,1
DA:330,24
DA:333,24
DA:334,24
DA:335,1
DA:339,23
DA:340,23
DA:342,23
DA:343,23
DA:344,23
DA:347,23
DA:348,2
DA:349,2
DA:353,21
DA:354,21
DA:357,21
DA:363,21
DA:365,21
DA:368,21
DA:370,16
DA:371,16
DA:372,16
DA:373,16
DA:376,16
DA:384,21
DA:385,21
DA:386,21
DA:389,21
DA:390,21
DA:393,21
DA:405,1
DA:407,2
DA:410,2
DA:412,2
DA:415,2
DA:417,2
DA:418,2
DA:419,2
DA:420,2
DA:422,2
DA:430,2
DA:431,2
DA:432,2
DA:435,2
DA:436,2
DA:439,2
DA:449,1
DA:451,3
DA:452,3
DA:455,3
DA:456,1
DA:457,1
DA:459,1
DA:461,1
DA:462,1
DA:463,1
DA:464,1
DA:465,1
DA:467,1
DA:474,1
DA:476,1
DA:480,2
DA:481,2
DA:485,2
DA:487,2
DA:489,2
DA:490,2
DA:491,2
DA:492,2
DA:493,2
DA:495,2
DA:502,2
DA:504,2
DA:507,1
DA:508,4
DA:509,4
DA:510,4
DA:513,1
DA:514,2
DA:516,2
DA:517,2
DA:518,2
DA:520,2
DA:521,0
DA:523,2
DA:526,1
DA:527,1
DA:535,1
DA:536,1
DA:544,1
DA:546,4
DA:547,4
DA:548,4
DA:549,3
DA:550,3
DA:552,3
DA:554,3
DA:570,1
DA:577,1
LF:142
LH:137
BRDA:34,0,0,4
BRDA:52,1,0,0
BRDA:55,2,0,1
BRDA:55,2,1,18
BRDA:129,3,0,0
BRDA:132,4,0,2
BRDA:132,4,1,2
BRDA:197,5,0,0
BRDA:201,6,0,3
BRDA:201,6,1,0
BRDA:319,7,0,12
BRDA:319,8,0,14
BRDA:321,9,0,1
BRDA:321,9,1,25
BRDA:321,10,0,26
BRDA:321,10,1,26
BRDA:325,11,0,1
BRDA:325,11,1,24
BRDA:330,12,0,24
BRDA:330,12,1,1
BRDA:334,13,0,1
BRDA:334,13,1,23
BRDA:347,14,0,2
BRDA:347,14,1,21
BRDA:347,15,0,23
BRDA:347,15,1,21
BRDA:353,16,0,21
BRDA:353,16,1,20
BRDA:354,17,0,2
BRDA:354,17,1,19
BRDA:357,18,0,18
BRDA:357,18,1,3
BRDA:368,19,0,16
BRDA:368,19,1,5
BRDA:371,20,0,16
BRDA:371,20,1,0
BRDA:389,21,0,21
BRDA:389,21,1,0
BRDA:389,22,0,21
BRDA:389,22,1,21
BRDA:405,23,0,0
BRDA:415,24,0,2
BRDA:415,24,1,0
BRDA:418,25,0,2
BRDA:418,25,1,0
BRDA:435,26,0,2
BRDA:435,26,1,0
BRDA:435,27,0,2
BRDA:435,27,1,2
BRDA:449,28,0,1
BRDA:451,29,0,3
BRDA:451,29,1,0
BRDA:455,30,0,1
BRDA:455,30,1,2
BRDA:455,31,0,3
BRDA:455,31,1,2
BRDA:461,32,0,1
BRDA:461,32,1,0
BRDA:463,33,0,1
BRDA:463,33,1,0
BRDA:480,34,0,2
BRDA:480,34,1,1
BRDA:481,35,0,1
BRDA:481,35,1,1
BRDA:489,36,0,2
BRDA:489,36,1,0
BRDA:491,37,0,2
BRDA:491,37,1,0
BRDA:507,38,0,2
BRDA:507,39,0,2
BRDA:508,40,0,4
BRDA:508,40,1,0
BRDA:513,41,0,0
BRDA:517,42,0,2
BRDA:517,42,1,0
BRDA:520,43,0,0
BRDA:520,43,1,2
BRDA:531,44,0,0
BRDA:531,44,1,1
BRDA:544,45,0,0
BRDA:547,46,0,4
BRDA:547,46,1,0
BRDA:559,47,0,1
BRDA:559,47,1,2
BRDA:560,48,0,1
BRDA:560,48,1,2
BRDA:561,49,0,3
BRDA:561,49,1,2
BRDA:565,50,0,3
BRDA:565,50,1,2
BRDA:566,51,0,3
BRDA:566,51,1,1
BRF:92
BRH:70
end_of_record
TN:
SF:src/utils/sortingUtils.js
FN:6,(anonymous_0)
FN:52,(anonymous_1)
FN:76,(anonymous_2)
FN:83,(anonymous_3)
FN:99,(anonymous_4)
FN:104,(anonymous_5)
FN:108,(anonymous_6)
FN:133,(anonymous_7)
FN:141,(anonymous_8)
FN:158,(anonymous_9)
FN:163,(anonymous_10)
FN:166,(anonymous_11)
FN:184,(anonymous_12)
FNF:13
FNH:5
FNDA:23,(anonymous_0)
FNDA:22,(anonymous_1)
FNDA:0,(anonymous_2)
FNDA:0,(anonymous_3)
FNDA:2,(anonymous_4)
FNDA:1,(anonymous_5)
FNDA:23,(anonymous_6)
FNDA:0,(anonymous_7)
FNDA:0,(anonymous_8)
FNDA:0,(anonymous_9)
FNDA:0,(anonymous_10)
FNDA:0,(anonymous_11)
FNDA:0,(anonymous_12)
DA:4,1
DA:6,1
DA:7,23
DA:9,0
DA:11,0
DA:12,0
DA:14,0
DA:19,0
DA:20,0
DA:22,0
DA:26,23
DA:27,23
DA:29,23
DA:30,0
DA:33,0
DA:34,0
DA:35,0
DA:37,0
DA:41,0
DA:42,0
DA:44,0
DA:48,23
DA:49,23
DA:52,1
DA:53,22
DA:55,0
DA:56,0
DA:58,0
DA:63,22
DA:64,19
DA:69,3
DA:76,1
DA:78,0
DA:79,0
DA:83,0
DA:84,0
DA:88,0
DA:89,0
DA:96,0
DA:99,1
DA:100,2
DA:101,2
DA:104,1
DA:105,1
DA:108,1
DA:109,23
DA:110,21
DA:113,2
DA:119,2
DA:120,1
DA:121,1
DA:125,1
DA:126,0
DA:127,0
DA:130,1
DA:133,1
DA:134,0
DA:135,0
DA:138,0
DA:139,0
DA:141,0
DA:142,0
DA:143,0
DA:145,0
DA:146,0
DA:147,0
DA:151,0
DA:152,0
DA:155,0
DA:158,1
DA:159,0
DA:160,0
DA:163,1
DA:164,0
DA:166,0
DA:168,0
DA:169,0
DA:170,0
DA:171,0
DA:172,0
DA:175,0
DA:184,1
DA:186,0
DA:187,0
DA:191,0
DA:195,0
DA:196,0
DA:199,0
DA:202,1
LF:89
LH:33
BRDA:6,0,0,0
BRDA:6,1,0,23
BRDA:7,2,0,0
BRDA:7,2,1,23
BRDA:7,3,0,23
BRDA:7,3,1,23
BRDA:9,4,0,0
BRDA:9,4,1,0
BRDA:11,5,0,0
BRDA:11,5,1,0
BRDA:19,6,0,0
BRDA:19,6,1,0
BRDA:20,7,0,0
BRDA:20,7,1,0
BRDA:22,8,0,0
BRDA:22,8,1,0
BRDA:29,9,0,0
BRDA:29,9,1,23
BRDA:33,10,0,0
BRDA:33,10,1,0
BRDA:34,11,0,0
BRDA:34,11,1,0
BRDA:41,12,0,0
BRDA:41,12,1,0
BRDA:42,13,0,0
BRDA:42,13,1,0
BRDA:44,14,0,0
BRDA:44,14,1,0
BRDA:48,15,0,0
BRDA:48,15,1,23
BRDA:52,16,0,0
BRDA:52,17,0,0
BRDA:53,18,0,0
BRDA:53,18,1,22
BRDA:55,19,0,0
BRDA:55,19,1,0
BRDA:63,20,0,19
BRDA:63,20,1,3
BRDA:65,21,0,3
BRDA:65,21,1,16
BRDA:70,22,0,1
BRDA:70,22,1,2
BRDA:78,23,0,0
BRDA:78,23,1,0
BRDA:78,24,0,0
BRDA:78,24,1,0
BRDA:84,25,0,0
BRDA:84,25,1,0
BRDA:88,26,0,0
BRDA:88,26,1,0
BRDA:99,27,0,0
BRDA:99,28,0,0
BRDA:108,29,0,0
BRDA:108,30,0,23
BRDA:109,31,0,21
BRDA:109,31,1,2
BRDA:115,32,0,2
BRDA:115,32,1,0
BRDA:119,33,0,1
BRDA:119,33,1,1
BRDA:125,34,0,0
BRDA:125,34,1,1
BRDA:133,35,0,0
BRDA:133,36,0,0
BRDA:134,37,0,0
BRDA:134,37,1,0
BRDA:134,38,0,0
BRDA:134,38,1,0
BRDA:145,39,0,0
BRDA:145,39,1,0
BRDA:146,40,0,0
BRDA:146,40,1,0
BRDA:151,41,0,0
BRDA:151,41,1,0
BRDA:158,42,0,0
BRDA:158,43,0,0
BRDA:163,44,0,0
BRDA:163,45,0,0
BRDA:169,46,0,0
BRDA:169,46,1,0
BRDA:171,47,0,0
BRDA:171,47,1,0
BRDA:171,48,0,0
BRDA:171,48,1,0
BRDA:179,49,0,0
BRDA:179,49,1,0
BRDA:184,50,0,0
BRDA:186,51,0,0
BRDA:186,51,1,0
BRDA:191,52,0,0
BRDA:191,52,1,0
BRDA:195,53,0,0
BRDA:195,53,1,0
BRDA:195,54,0,0
BRDA:195,54,1,0
BRF:95
BRH:20
end_of_record
TN:
SF:src/utils/valueConverter.js
FN:12,(anonymous_0)
FN:27,(anonymous_1)
FN:52,(anonymous_2)
FN:57,(anonymous_3)
FN:66,(anonymous_4)
FN:92,(anonymous_5)
FN:134,(anonymous_6)
FN:141,(anonymous_7)
FN:164,(anonymous_8)
FN:178,(anonymous_9)
FNF:10
FNH:10
FNDA:119,(anonymous_0)
FNDA:48,(anonymous_1)
FNDA:7,(anonymous_2)
FNDA:9,(anonymous_3)
FNDA:12,(anonymous_4)
FNDA:51,(anonymous_5)
FNDA:5,(anonymous_6)
FNDA:7,(anonymous_7)
FNDA:8,(anonymous_8)
FNDA:4,(anonymous_9)
DA:13,119
DA:18,119
DA:28,48
DA:29,3
DA:32,45
DA:34,9
DA:38,36
DA:39,29
DA:43,7
DA:53,7
DA:54,3
DA:57,9
DA:67,12
DA:68,2
DA:71,10
DA:73,3
DA:77,7
DA:78,7
DA:79,4
DA:83,3
DA:93,51
DA:94,4
DA:97,47
DA:98,8
DA:99,8
DA:100,1
DA:102,7
DA:103,2
DA:105,5
DA:109,39
DA:110,31
DA:111,31
DA:112,2
DA:114,29
DA:115,2
DA:117,27
DA:121,8
DA:122,1
DA:125,7
DA:135,5
DA:136,3
DA:139,2
DA:141,2
DA:142,7
DA:143,7
DA:144,2
DA:148,2
DA:149,1
DA:156,1
DA:165,8
DA:166,2
DA:170,6
DA:179,4
DA:183,4
DA:184,1
DA:191,3
DA:192,1
DA:201,2
DA:202,1
DA:212,1
DA:221,2
LF:61
LH:61
BRDA:28,0,0,3
BRDA:28,0,1,45
BRDA:28,1,0,48
BRDA:28,1,1,47
BRDA:28,1,2,46
BRDA:32,2,0,9
BRDA:32,2,1,36
BRDA:38,3,0,29
BRDA:38,3,1,7
BRDA:53,4,0,3
BRDA:53,4,1,4
BRDA:67,5,0,2
BRDA:67,5,1,10
BRDA:67,6,0,12
BRDA:67,6,1,11
BRDA:71,7,0,3
BRDA:71,7,1,7
BRDA:78,8,0,4
BRDA:78,8,1,3
BRDA:83,9,0,2
BRDA:83,9,1,1
BRDA:93,10,0,4
BRDA:93,10,1,47
BRDA:93,11,0,51
BRDA:93,11,1,50
BRDA:93,11,2,48
BRDA:97,12,0,8
BRDA:97,12,1,39
BRDA:99,13,0,1
BRDA:99,13,1,7
BRDA:102,14,0,2
BRDA:102,14,1,5
BRDA:102,15,0,7
BRDA:102,15,1,6
BRDA:109,16,0,31
BRDA:109,16,1,8
BRDA:111,17,0,2
BRDA:111,17,1,29
BRDA:114,18,0,2
BRDA:114,18,1,27
BRDA:121,19,0,1
BRDA:121,19,1,7
BRDA:121,20,0,8
BRDA:121,20,1,3
BRDA:135,21,0,3
BRDA:135,21,1,2
BRDA:135,22,0,5
BRDA:135,22,1,3
BRDA:143,23,0,2
BRDA:143,23,1,5
BRDA:148,24,0,1
BRDA:148,24,1,1
BRDA:165,25,0,2
BRDA:165,25,1,6
BRDA:183,26,0,1
BRDA:183,26,1,3
BRDA:191,27,0,1
BRDA:191,27,1,2
BRDA:201,28,0,1
BRDA:201,28,1,1
BRF:60
BRH:60
end_of_record
TN:
SF:src/utils/whereClauseBuilder.js
FN:8,(anonymous_0)
FN:108,(anonymous_1)
FN:151,(anonymous_2)
FN:163,(anonymous_3)
FN:172,(anonymous_4)
FN:199,(anonymous_5)
FN:207,(anonymous_6)
FNF:7
FNH:4
FNDA:26,(anonymous_0)
FNDA:26,(anonymous_1)
FNDA:0,(anonymous_2)
FNDA:26,(anonymous_3)
FNDA:27,(anonymous_4)
FNDA:0,(anonymous_5)
FNDA:0,(anonymous_6)
DA:5,1
DA:8,1
DA:10,26
DA:60,26
DA:104,26
DA:105,26
DA:108,1
DA:109,26
DA:110,26
DA:111,0
DA:112,0
DA:116,26
DA:118,25
DA:119,25
DA:125,0
DA:126,0
DA:132,0
DA:133,0
DA:139,0
DA:140,0
DA:141,0
DA:147,0
DA:148,0
DA:150,0
DA:151,0
DA:152,0
DA:158,1
DA:159,1
DA:163,1
DA:164,26
DA:165,4
DA:168,22
DA:169,22
DA:170,22
DA:172,22
DA:173,27
DA:175,27
DA:176,27
DA:177,1
DA:178,1
DA:181,26
DA:182,26
DA:183,25
DA:184,25
DA:185,25
DA:188,0
DA:193,22
DA:195,22
DA:199,1
DA:200,0
DA:202,0
DA:203,0
DA:204,0
DA:207,0
DA:208,0
DA:211,0
DA:212,0
DA:213,0
DA:216,0
DA:217,0
DA:218,0
DA:222,0
DA:223,0
DA:224,0
DA:225,0
DA:229,0
DA:233,0
DA:234,0
DA:236,0
DA:237,0
DA:238,0
DA:241,0
DA:244,0
DA:245,0
DA:247,0
DA:248,0
DA:249,0
DA:253,0
DA:254,0
DA:256,0
DA:257,0
DA:258,0
DA:261,0
DA:264,0
DA:265,0
DA:267,0
DA:268,0
DA:269,0
DA:272,0
DA:275,0
DA:276,0
DA:280,0
DA:283,1
LF:93
LH:35
BRDA:104,0,0,23
BRDA:104,0,1,3
BRDA:105,1,0,26
BRDA:105,1,1,0
BRDA:110,2,0,0
BRDA:110,2,1,26
BRDA:116,3,0,25
BRDA:116,3,1,0
BRDA:116,3,2,0
BRDA:116,3,3,0
BRDA:116,3,4,0
BRDA:116,3,5,1
BRDA:147,4,0,0
BRDA:147,4,1,0
BRDA:147,5,0,0
BRDA:147,5,1,0
BRDA:163,6,0,0
BRDA:163,7,0,0
BRDA:164,8,0,4
BRDA:164,8,1,22
BRDA:164,9,0,26
BRDA:164,9,1,26
BRDA:176,10,0,1
BRDA:176,10,1,26
BRDA:182,11,0,25
BRDA:182,11,1,1
BRDA:193,12,0,21
BRDA:193,12,1,1
BRDA:202,13,0,0
BRDA:202,13,1,0
BRDA:211,14,0,0
BRDA:211,14,1,0
BRDA:216,15,0,0
BRDA:216,15,1,0
BRDA:223,16,0,0
BRDA:223,16,1,0
BRDA:229,17,0,0
BRDA:229,17,1,0
BRDA:229,17,2,0
BRDA:229,17,3,0
BRDA:229,17,4,0
BRDA:229,17,5,0
BRDA:233,18,0,0
BRDA:233,18,1,0
BRDA:233,19,0,0
BRDA:233,19,1,0
BRDA:237,20,0,0
BRDA:237,20,1,0
BRDA:244,21,0,0
BRDA:244,21,1,0
BRDA:244,22,0,0
BRDA:244,22,1,0
BRDA:248,23,0,0
BRDA:248,23,1,0
BRDA:253,24,0,0
BRDA:253,24,1,0
BRDA:253,25,0,0
BRDA:253,25,1,0
BRDA:257,26,0,0
BRDA:257,26,1,0
BRDA:264,27,0,0
BRDA:264,27,1,0
BRDA:264,28,0,0
BRDA:264,28,1,0
BRDA:264,28,2,0
BRDA:268,29,0,0
BRDA:268,29,1,0
BRF:67
BRH:16
end_of_record
